{"numTotalTestSuites":12,"numPassedTestSuites":10,"numFailedTestSuites":2,"numPendingTestSuites":0,"numTotalTests":17,"numPassedTests":14,"numFailedTests":3,"numPendingTests":0,"numTodoTests":0,"snapshot":{"added":0,"failure":false,"filesAdded":0,"filesRemoved":0,"filesRemovedList":[],"filesUnmatched":0,"filesUpdated":0,"matched":0,"total":0,"unchecked":0,"uncheckedKeysByFile":[],"unmatched":0,"updated":0,"didUpdate":false},"startTime":1786911587547,"success":false,"testResults":[{"assertionResults":[{"ancestorTitles":["TemplateEditorPage legal clause generation"],"fullName":"TemplateEditorPage legal clause generation renders the generate legal clauses button and opens the dialog","status":"failed","title":"renders the generate legal clauses button and opens the dialog","duration":468.6343000000006,"failureMessages":["TestingLibraryElementError: Unable to find a label with the text of: /language/i\n\nIgnored nodes: comments, script, style\n\u001b[36m<body>\u001b[39m\n  \u001b[36m<div>\u001b[39m\n    \u001b[36m<main\u001b[39m\n      \u001b[33mclass\u001b[39m=\u001b[32m\"flex-1 overflow-y-auto bg-(--bg-page)\"\u001b[39m\n    \u001b[36m>\u001b[39m\n      \u001b[36m<div\u001b[39m\n        \u001b[33mclass\u001b[39m=\u001b[32m\"mx-auto flex w-full max-w-6xl flex-col gap-6 p-6 pb-16\"\u001b[39m\n      \u001b[36m>\u001b[39m\n        \u001b[36m<header\u001b[39m\n          \u001b[33mclass\u001b[39m=\u001b[32m\"flex flex-col gap-2 text-start\"\u001b[39m\n        \u001b[36m>\u001b[39m\n          \u001b[36m<span\u001b[39m\n            \u001b[33mclass\u001b[39m=\u001b[32m\"text-xs font-semibold uppercase tracking-wider text-(--brand-primary)\"\u001b[39m\n          \u001b[36m>\u001b[39m\n            \u001b[0mtemplates.eyebrow\u001b[0m\n          \u001b[36m</span>\u001b[39m\n          \u001b[36m<h2\u001b[39m\n            \u001b[33mclass\u001b[39m=\u001b[32m\"font-display text-3xl font-semibold text-(--text-primary)\"\u001b[39m\n          \u001b[36m>\u001b[39m\n            \u001b[0mtemplates.editTitle\u001b[0m\n          \u001b[36m</h2>\u001b[39m\n          \u001b[36m<p\u001b[39m\n            \u001b[33mclass\u001b[39m=\u001b[32m\"max-w-2xl text-sm leading-relaxed text-(--text-secondary)\"\u001b[39m\n          \u001b[36m>\u001b[39m\n            \u001b[0mtemplates.editDescription\u001b[0m\n          \u001b[36m</p>\u001b[39m\n        \u001b[36m</header>\u001b[39m\n        \u001b[36m<div\u001b[39m\n          \u001b[33mclass\u001b[39m=\u001b[32m\"flex flex-wrap items-center justify-between gap-3 rounded-md border border-(--border-default) bg-(--bg-card) px-4 py-3 shadow-(--shadow-1)\"\u001b[39m\n        \u001b[36m>\u001b[39m\n          \u001b[36m<div\u001b[39m\n            \u001b[33mclass\u001b[39m=\u001b[32m\"flex items-center gap-3\"\u001b[39m\n          \u001b[36m>\u001b[39m\n            \u001b[36m<button\u001b[39m\n              \u001b[33mclass\u001b[39m=\u001b[32m\"inline-flex items-center justify-center gap-2 whitespace-nowrap font-semibold transition-colors duration-150 focus-visible:outline-2 focus-visible:outline-offset-2 focus-visible:outline-(--border-focus) disabled:pointer-events-none disabled:bg-(--bg-disabled) disabled:text-(--text-secondary) disabled:border-none select-none cursor-pointer bg-(--bg-card) text-(--text-primary) border border-(--border-default) hover:bg-(--bg-card-raised) active:bg-(--bg-page-alt) h-8 px-3 text-xs rounded-sm\"\u001b[39m\n              \u001b[33mtype\u001b[39m=\u001b[32m\"button\"\u001b[39m\n            \u001b[36m>\u001b[39m\n              \u001b[36m<svg\u001b[39m\n                \u001b[33maria-hidden\u001b[39m=\u001b[32m\"true\"\u001b[39m\n                \u001b[33mclass\u001b[39m=\u001b[32m\"lucide lucide-arrow-left h-4 w-4 rtl:rotate-180\"\u001b[39m\n                \u001b[33mfill\u001b[39m=\u001b[32m\"none\"\u001b[39m\n                \u001b[33mheight\u001b[39m=\u001b[32m\"24\"\u001b[39m\n                \u001b[33mstroke\u001b[39m=\u001b[32m\"currentColor\"\u001b[39m\n                \u001b[33mstroke-linecap\u001b[39m=\u001b[32m\"round\"\u001b[39m\n                \u001b[33mstroke-linejoin\u001b[39m=\u001b[32m\"round\"\u001b[39m\n                \u001b[33mstroke-width\u001b[39m=\u001b[32m\"2\"\u001b[39m\n                \u001b[33mviewBox\u001b[39m=\u001b[32m\"0 0 24 24\"\u001b[39m\n                \u001b[33mwidth\u001b[39m=\u001b[32m\"24\"\u001b[39m\n                \u001b[33mxmlns\u001b[39m=\u001b[32m\"http://www.w3.org/2000/svg\"\u001b[39m\n              \u001b[36m>\u001b[39m\n                \u001b[36m<path\u001b[39m\n                  \u001b[33md\u001b[39m=\u001b[32m\"m12 19-7-7 7-7\"\u001b[39m\n                \u001b[36m/>\u001b[39m\n                \u001b[36m<path\u001b[39m\n                  \u001b[33md\u001b[39m=\u001b[32m\"M19 12H5\"\u001b[39m\n                \u001b[36m/>\u001b[39m\n              \u001b[36m</svg>\u001b[39m\n              \u001b[0mtemplates.backToTemplates\u001b[0m\n            \u001b[36m</button>\u001b[39m\n            \u001b[36m<div\u001b[39m\n              \u001b[33mclass\u001b[39m=\u001b[32m\"inline-flex items-center gap-1.5 px-2 py-0.5 text-xs font-semibold select-none border transition-colors bg-(--legal-surface) text-(--legal-primary) border-(--border-default) rounded-full\"\u001b[39m\n            \u001b[36m>\u001b[39m\n              \u001b[0mtemplates.documentTypeImmutable\u001b[0m\n            \u001b[36m</div>\u001b[39m\n          \u001b[36m</div>\u001b[39m\n          \u001b[36m<div\u001b[39m\n            \u001b[33mclass\u001b[39m=\u001b[32m\"flex items-center gap-2\"\u001b[39m\n          \u001b[36m>\u001b[39m\n            \u001b[36m<button\u001b[39m\n              \u001b[33mclass\u001b[39m=\u001b[32m\"inline-flex items-center justify-center gap-2 whitespace-nowrap font-semibold transition-colors duration-150 focus-visible:outline-2 focus-visible:outline-offset-2 focus-visible:outline-(--border-focus) disabled:pointer-events-none disabled:bg-(--bg-disabled) disabled:text-(--text-secondary) disabled:border-none select-none cursor-pointer bg-(--ai-primary) text-(--text-on-accent) hover:bg-(--accent-primary-hover) active:bg-(--accent-primary-active) shadow-(--shadow-1) h-8 px-3 text-xs rounded-sm\"\u001b[39m\n              \u001b[33mtype\u001b[39m=\u001b[32m\"button\"\u001b[39m\n            \u001b[36m>\u001b[39m\n              \u001b[36m<svg\u001b[39m\n                \u001b[33maria-hidden\u001b[39m=\u001b[32m\"true\"\u001b[39m\n                \u001b[33mclass\u001b[39m=\u001b[32m\"lucide lucide-sparkles h-4 w-4\"\u001b[39m\n                \u001b[33mfill\u001b[39m=\u001b[32m\"none\"\u001b[39m\n                \u001b[33mheight\u001b[39m=\u001b[32m\"24\"\u001b[39m\n                \u001b[33mstroke\u001b[39m=\u001b[32m\"currentColor\"\u001b[39m\n                \u001b[33mstroke-linecap\u001b[39m=\u001b[32m\"round\"\u001b[39m\n                \u001b[33mstroke-linejoin\u001b[39m=\u001b[32m\"round\"\u001b[39m\n                \u001b[33mstroke-width\u001b[39m=\u001b[32m\"2\"\u001b[39m\n                \u001b[33mviewBox\u001b[39m=\u001b[32m\"0 0 24 24\"\u001b[39m\n                \u001b[33mwidth\u001b[39m=\u001b[32m\"24\"\u001b[39m\n                \u001b[33mxmlns\u001b[39m=\u001b[32m\"http://www.w3.org/2000/svg\"\u001b[39m\n              \u001b[36m>\u001b[39m\n                \u001b[36m<path\u001b[39m\n                  \u001b[33md\u001b[39m=\u001b[32m\"M11.017 2.814a1 1 0 0 1 1.966 0l1.051 5.558a2 2 0 0 0 1.594 1.594l5.558 1.051a1 1 0 0 1 0 1.966l-5.558 1.051a2 2 0 0 0-1.594 1.594l-1.051 5.558a1 1 0 0 1-1.966 0l-1.051-5.558a2 2 0 0 0-1.594-1.594l-5.558-1.051a1 1 0 0 1 0-1.966l5.558-1.051a2 2 0 0 0 1.594-1.594z\"\u001b[39m\n                \u001b[36m/>\u001b[39m\n                \u001b[36m<path\u001b[39m\n                  \u001b[33md\u001b[39m=\u001b[32m\"M20 2v4\"\u001b[39m\n                \u001b[36m/>\u001b[39m\n                \u001b[36m<path\u001b[39m\n                  \u001b[33md\u001b[39m=\u001b[32m\"M22 4h-4\"\u001b[39m\n                \u001b[36m/>\u001b[39m\n                \u001b[36m<circle\u001b[39m\n                  \u001b[33mcx\u001b[39m=\u001b[32m\"4\"\u001b[39m\n                  \u001b[33mcy\u001b[39m=\u001b[32m\"20\"\u001b[39m\n                  \u001b[33mr\u001b[39m=\u001b[32m\"2\"\u001b[39m\n                \u001b[36m/>\u001b[39m\n              \u001b[36m</svg>\u001b[39m\n              \u001b[0mGenerate Legal Clauses\u001b[0m\n            \u001b[36m</button>\u001b[39m\n            \u001b[36m<button\u001b[39m\n              \u001b[33mclass\u001b[39m=\u001b[32m\"inline-flex items-center justify-center gap-2 whitespace-nowrap font-semibold transition-colors duration-150 focus-visible:outline-2 focus-visible:outline-offset-2 focus-visible:outline-(--border-focus) disabled:pointer-events-none disabled:bg-(--bg-disabled) disabled:text-(--text-secondary) disabled:border-none select-none cursor-pointer bg-(--bg-card) text-(--text-primary) border border-(--border-default) hover:bg-(--bg-card-raised) active:bg-(--bg-page-alt) h-8 px-3 text-xs rounded-sm\"\u001b[39m\n              \u001b[33mtype\u001b[39m=\u001b[32m\"button\"\u001b[39m\n            \u001b[36m>\u001b[39m\n              \u001b[0mcommon.cancel\u001b[0m\n            \u001b[36m</button>\u001b[39m\n            \u001b[36m<button\u001b[39m\n              \u001b[33mclass\u001b[39m=\u001b[32m\"inline-flex items-center justify-center gap-2 whitespace-nowrap font-semibold transition-colors duration-150 focus-visible:outline-2 focus-visible:outline-offset-2 focus-visible:outline-(--border-focus) disabled:pointer-events-none disabled:bg-(--bg-disabled) disabled:text-(--text-secondary) disabled:border-none select-none cursor-pointer bg-(--brand-primary) text-(--text-inverse) hover:bg-(--brand-primary-hover) active:bg-(...\n    at Object.getElementError (F:\\ITI\\graduation project\\Code\\WakeelAI-Frontend\\node_modules\\@testing-library\\dom\\dist\\config.js:37:19)\n    at getAllByLabelText (F:\\ITI\\graduation project\\Code\\WakeelAI-Frontend\\node_modules\\@testing-library\\dom\\dist\\queries\\label-text.js:111:38)\n    at F:\\ITI\\graduation project\\Code\\WakeelAI-Frontend\\node_modules\\@testing-library\\dom\\dist\\query-helpers.js:52:17\n    at getByLabelText (F:\\ITI\\graduation project\\Code\\WakeelAI-Frontend\\node_modules\\@testing-library\\dom\\dist\\query-helpers.js:95:19)\n    at F:/ITI/graduation project/Code/WakeelAI-Frontend/src/pages/template-editor.test.jsx:111:19\n    at runNextTicks (node:internal/process/task_queues:65:5)\n    at processTimers (node:internal/timers:538:9)\n    at file:///F:/ITI/graduation%20project/Code/WakeelAI-Frontend/node_modules/@vitest/runner/dist/chunk-artifact.js:1903:20"],"meta":{},"tags":[]},{"ancestorTitles":["TemplateEditorPage legal clause generation"],"fullName":"TemplateEditorPage legal clause generation sends the correct payload without a companyId and renders generated clauses","status":"failed","title":"sends the correct payload without a companyId and renders generated clauses","duration":562.7723999999998,"failureMessages":["TestingLibraryElementError: Unable to find an accessible element with the role \"button\" and name `/^generate$/i`\n\nHere are the accessible roles:\n\n  main:\n\n  Name \"\":\n  \u001b[36m<main\u001b[39m\n    \u001b[33mclass\u001b[39m=\u001b[32m\"flex-1 overflow-y-auto bg-(--bg-page)\"\u001b[39m\n  \u001b[36m/>\u001b[39m\n\n  --------------------------------------------------\n  banner:\n\n  Name \"\":\n  \u001b[36m<header\u001b[39m\n    \u001b[33mclass\u001b[39m=\u001b[32m\"flex flex-col gap-2 text-start\"\u001b[39m\n  \u001b[36m/>\u001b[39m\n\n  --------------------------------------------------\n  heading:\n\n  Name \"templates.editTitle\":\n  \u001b[36m<h2\u001b[39m\n    \u001b[33mclass\u001b[39m=\u001b[32m\"font-display text-3xl font-semibold text-(--text-primary)\"\u001b[39m\n  \u001b[36m/>\u001b[39m\n\n  Name \"Document builder\":\n  \u001b[36m<h3\u001b[39m\n    \u001b[33mclass\u001b[39m=\u001b[32m\"mt-1 text-sm font-semibold text-(--text-primary)\"\u001b[39m\n  \u001b[36m/>\u001b[39m\n\n  Name \"Insert variable\":\n  \u001b[36m<h3\u001b[39m\n    \u001b[33mclass\u001b[39m=\u001b[32m\"mt-1 text-sm font-semibold text-(--text-primary)\"\u001b[39m\n  \u001b[36m/>\u001b[39m\n\n  Name \"Document builder\":\n  \u001b[36m<h3\u001b[39m\n    \u001b[33mclass\u001b[39m=\u001b[32m\"mt-1 text-sm font-semibold text-(--text-primary)\"\u001b[39m\n  \u001b[36m/>\u001b[39m\n\n  Name \"Live preview\":\n  \u001b[36m<h3\u001b[39m\n    \u001b[33mclass\u001b[39m=\u001b[32m\"text-sm font-semibold text-(--text-primary)\"\u001b[39m\n  \u001b[36m/>\u001b[39m\n\n  Name \"AI context\":\n  \u001b[36m<h3\u001b[39m\n    \u001b[33mclass\u001b[39m=\u001b[32m\"text-sm font-semibold text-(--text-primary)\"\u001b[39m\n  \u001b[36m/>\u001b[39m\n\n  --------------------------------------------------\n  paragraph:\n\n  Name \"\":\n  \u001b[36m<p\u001b[39m\n    \u001b[33mclass\u001b[39m=\u001b[32m\"max-w-2xl text-sm leading-relaxed text-(--text-secondary)\"\u001b[39m\n  \u001b[36m/>\u001b[39m\n\n  Name \"\":\n  \u001b[36m<p\u001b[39m\n    \u001b[33mclass\u001b[39m=\u001b[32m\"text-[11px] font-semibold uppercase tracking-[0.12em] text-(--text-secondary)\"\u001b[39m\n  \u001b[36m/>\u001b[39m\n\n  Name \"\":\n  \u001b[36m<p\u001b[39m\n    \u001b[33mclass\u001b[39m=\u001b[32m\"text-[11px] font-semibold uppercase tracking-[0.12em] text-(--text-secondary)\"\u001b[39m\n  \u001b[36m/>\u001b[39m\n\n  Name \"\":\n  \u001b[36m<p\u001b[39m\n    \u001b[33mclass\u001b[39m=\u001b[32m\"text-[11px] font-semibold uppercase tracking-[0.12em] text-(--text-secondary)\"\u001b[39m\n  \u001b[36m/>\u001b[39m\n\n  Name \"\":\n  \u001b[36m<p\u001b[39m\n    \u001b[33mclass\u001b[39m=\u001b[32m\"text-[11px] font-semibold uppercase tracking-[0.12em] text-(--text-secondary)\"\u001b[39m\n  \u001b[36m/>\u001b[39m\n\n  Name \"\":\n  \u001b[36m<p\u001b[39m\n    \u001b[33mclass\u001b[39m=\u001b[32m\"text-[11px] font-semibold uppercase tracking-[0.12em] text-(--text-secondary)\"\u001b[39m\n  \u001b[36m/>\u001b[39m\n\n  Name \"\":\n  \u001b[36m<p\u001b[39m\n    \u001b[33mclass\u001b[39m=\u001b[32m\"mt-2 text-sm text-(--text-secondary)\"\u001b[39m\n  \u001b[36m/>\u001b[39m\n\n  --------------------------------------------------\n  button:\n\n  Name \"templates.backToTemplates\":\n  \u001b[36m<button\u001b[39m\n    \u001b[33mclass\u001b[39m=\u001b[32m\"inline-flex items-center justify-center gap-2 whitespace-nowrap font-semibold transition-colors duration-150 focus-visible:outline-2 focus-visible:outline-offset-2 focus-visible:outline-(--border-focus) disabled:pointer-events-none disabled:bg-(--bg-disabled) disabled:text-(--text-secondary) disabled:border-none select-none cursor-pointer bg-(--bg-card) text-(--text-primary) border border-(--border-default) hover:bg-(--bg-card-raised) active:bg-(--bg-page-alt) h-8 px-3 text-xs rounded-sm\"\u001b[39m\n    \u001b[33mtype\u001b[39m=\u001b[32m\"button\"\u001b[39m\n  \u001b[36m/>\u001b[39m\n\n  Name \"Generate Legal Clauses\":\n  \u001b[36m<button\u001b[39m\n    \u001b[33mclass\u001b[39m=\u001b[32m\"inline-flex items-center justify-center gap-2 whitespace-nowrap font-semibold transition-colors duration-150 focus-visible:outline-2 focus-visible:outline-offset-2 focus-visible:outline-(--border-focus) disabled:pointer-events-none disabled:bg-(--bg-disabled) disabled:text-(--text-secondary) disabled:border-none select-none cursor-pointer bg-(--ai-primary) text-(--text-on-accent) hover:bg-(--accent-primary-hover) active:bg-(--accent-primary-active) shadow-(--shadow-1) h-8 px-3 text-xs rounded-sm\"\u001b[39m\n    \u001b[33mtype\u001b[39m=\u001b[32m\"button\"\u001b[39m\n  \u001b[36m/>\u001b[39m\n\n  Name \"common.cancel\":\n  \u001b[36m<button\u001b[39m\n    \u001b[33mclass\u001b[39m=\u001b[32m\"inline-flex items-center justify-center gap-2 whitespace-nowrap font-semibold transition-colors duration-150 focus-visible:outline-2 focus-visible:outline-offset-2 focus-visible:outline-(--border-focus) disabled:pointer-events-none disabled:bg-(--bg-disabled) disabled:text-(--text-secondary) disabled:border-none select-none cursor-pointer bg-(--bg-card) text-(--text-primary) border border-(--border-default) hover:bg-(--bg-card-raised) active:bg-(--bg-page-alt) h-8 px-3 text-xs rounded-sm\"\u001b[39m\n    \u001b[33mtype\u001b[39m=\u001b[32m\"button\"\u001b[39m\n  \u001b[36m/>\u001b[39m\n\n  Name \"templates.save\":\n  \u001b[36m<button\u001b[39m\n    \u001b[33mclass\u001b[39m=\u001b[32m\"inline-flex items-center justify-center gap-2 whitespace-nowrap font-semibold transition-colors duration-150 focus-visible:outline-2 focus-visible:outline-offset-2 focus-visible:outline-(--border-focus) disabled:pointer-events-none disabled:bg-(--bg-disabled) disabled:text-(--text-secondary) disabled:border-none select-none cursor-pointer bg-(--brand-primary) text-(--text-inverse) hover:bg-(--brand-primary-hover) active:bg-(--brand-primary-active) shadow-(--shadow-1) h-8 px-3 text-xs rounded-sm\"\u001b[39m\n    \u001b[33mform\u001b[39m=\u001b[32m\"template-form\"\u001b[39m\n    \u001b[33mtype\u001b[39m=\u001b[32m\"submit\"\u001b[39m\n  \u001b[36m/>\u001b[39m\n\n  Name \"Heading\":\n  \u001b[36m<button\u001b[39m\n    \u001b[33mclass\u001b[39m=\u001b[32m\"inline-flex items-center gap-2 whitespace-nowrap font-semibold transition-colors duration-150 focus-visible:outline-2 focus-visible:outline-offset-2 focus-visible:outline-(--border-focus) disabled:pointer-events-none disabled:bg-(--bg-disabled) disabled:text-(--text-secondary) disabled:border-none select-none cursor-pointer bg-(--bg-card) text-(--text-primary) border border-(--border-default) hover:bg-(--bg-card-raised) active:bg-(--bg-page-alt) h-8 px-3 text-xs rounded-sm justify-start text-left\"\u001b[39m\n    \u001b[33mtype\u001b[39m=\u001b[32m\"button\"\u001b[39m\n  \u001b[36m/>\u001b[39m\n\n  Name \"Paragraph\":\n  \u001b[36m<button\u001b[39m\n    \u001b[33mclass\u001b[39m=\u001b[32m\"inline-flex items-center gap-2 whitespace-nowrap font-semibold transition-colors duration-150 focus-visible:outline-2 focus-visible:outline-offset-2 focus-visible:outline-(--border-focus) disabled:pointer-events-none disabled:bg-(--bg-disabled) disabled:text-(--text-secondary) disabled:border-none select-none cursor-pointer bg-(--bg-card) text-(--text-primary) border border-(--border-default) hover:bg-(--bg-card-raised) active:bg-(--bg-page-alt) h-8 px-3 text-xs rounded-sm justify-start text-left\"\u001b[39m\n    \u001b[33mtype\u001b[39m=\u001b[32m\"button\"\u001b[39m\n  \u001b[36m/>\u001b[39m\n\n  Name \"Clause\":\n  \u001b[36m<button\u001b[39m\n    \u001b[33mclass\u001b[39m=\u001b[32m\"inline-flex items-center gap-2 whitespace-nowrap font-semibold transition-colors duration-150 focus-visible:outline-2 focus-visible:outline-offset-2 focus-visible:outline-(--border-focus) disabled:pointer-events-none disabled:bg-(--bg-disabled) disabled:text-(--text-secondary) disabled:border-none select-none cursor-pointer bg-(--bg-card) text-(--text-primary) border border-(--border-default) hover:bg-(--bg-card-raised) active:bg-(--bg-page-alt) h-8 px-3 text-xs rounded-sm justify-start text-left\"\u001b[39m\n    \u001b[33mtype\u001b[39m=\u001b[32m\"button\"\u001b[39m\n  \u001b[36m/>\u001b[39m\n\n  Name \"Bullet list\":\n  \u001b[36m<button\u001b[39m\n    \u001b[33mclass\u001b[39m=\u001b[32m\"inline-flex items-center gap-2 whitespace-nowrap font-semibold transition-colors duration-150 focus-visible:outline-2 focus-visible:outline-offset-2 focus-visible:outline-(--border-focus) disabled:pointer-events-none disabled:bg-(--bg-disabled) disabled:text-(--text-secondary) disabled:border-none select-none cursor-pointer bg-(--bg-card) text-(--text-primary) border border-(--border-default) hover:bg-(--bg-card-raised) active:bg-(--bg-page-alt) h-8 px-3 text-xs rounded-sm justify-start text-left\"\u001b[39m\n    \u001b[33mtype\u001b[39m=\u001b[32m\"button\"\u001b[39m\n  \u001b[36m/>\u001b[39m\n\n  Name \"Divider\":\n  \u001b[36m<button\u001b[39m\n    \u001b[33mclass\u001b[39m=\u001b[32m\"inline-flex items-center gap-2 whitespace-nowrap font-semibold transition-colors duration-150 focus-visible:outline-2 focus-visible:outline-offset-2 focus-visible:outline-(--border-focus) disabled:pointer-events-none disabled:bg-(--bg-disabled) disabled:text-(--text-secondary) disabled:border-none select-none cursor-pointer bg-(--bg-card) text-(--text-primary) border border-(--border-default) hover:bg-(--bg-card-raised) active:bg-(--bg-page-alt) h-8 px-3 text-xs rounded-sm justify-start text-left\"\u001b[39m\n    \u001b[33mtype\u001b[39m=\u001b[32m\"button\"\u001b[39m\n  \u001b[36m/>\u001b[39m\n\n  Name \"Signature\":\n  \u001b[36m<button\u001b[39m\n    \u001b[33mclass\u001b[39m=\u001b[32m\"inline-flex items-center gap-2 whitespace-nowrap font-semibold transition-colors duration-150 focus-visible:outline-2 focus-visible:outline-offset-2 focus-visible:outline-(--border-focus) disabled:pointer-events-none disabled:bg-(--bg-disabled) disabled:text-(--text-secondary) disabled:border-none select-none cursor-pointer bg-(--bg-card) text-(--text-primary) border border-(--border-default) hover:bg-(--bg-card-raised) active:bg-(--bg-page-alt) h-8 px-3 text-xs rounded-sm justify-start text-left\"\u001b[39m\n    \u001b[33mtype\u001b[39m=\u001b[32m\"button\"\u001b[39m\n  \u001b[36m/>\u001b[39m\n\n  Name \"templates.placeholders.employeeName\":\n  \u001b[36m<button\u001b[39m\n    \u001b[33mclass\u001b[39m=\u001b[32m\"inline-flex items-center gap-2 whitespace-nowrap font-semibold transition-colors duration-150 focus-visible:outline-2 focus-visible:outline-offset-2 focus-visible:outline-(--border-focus) disabled:pointer-events-none disabled:bg-(--bg-disabled) disabled:text-(--text-secondary) disabled:border-none select-none cursor-pointer text-(--text-primary) border hover:bg-(--bg-card-raised) active:bg-(--bg-page-alt) h-7 text-xs rounded-xs justify-start border-(--border-default) bg-(--bg-card-subtle) px-2.5 text-left\"\u001b[39m\n    \u001b[33mtitle\u001b[39m=\u001b[32m\"templates.placeholders.employeeName — {{employee_name}}\"\u001b[39m\n    \u001b[33mtype\u001b[39m=\u001b[32m\"button\"\u001b[39m\n  \u001b[36m/>\u001b[39m\n\n  Name \"templates.placeholders.jobTitle\":\n  \u001b[36m<button\u001b[39m\n    \u001b[33mclass\u001b[39m=\u001b[32m\"inline-flex items-center gap-2 whitespace-nowrap font-semibold transition-colors duration-150 focus-visible:outline-2 focus-visible:outline-offset-2 focus-visible:outline-(--border-focus) disabled:pointer-events-none disabled:bg-(--bg-disabled) disabled:text-(--text-secondary) disabled:border-none select-none cursor-pointer text-(--text-primary) border hover:bg-(--bg-card-raised) active:bg-(--bg-page-alt) h-7 text-xs rounded-xs justify-start border-(--border-default) bg-(--bg-card-subtle) px-2.5 text-left\"\u001b[39m\n    \u001b[33mtitle\u001b[39m=\u001b[32m\"templates.placeholders.jobTitle — {{job_title}}\"\u001b[39m\n    \u001b[33mtype\u001b[39m=\u001b[32m\"button\"\u001b[39m\n  \u001b[36m/>\u001b[39m\n\n  Name \"templates.placeholders.department\":\n  \u001b[36m<button\u001b[39m\n    \u001b[33mclass\u001b[39m=\u001b[32m\"inline-flex items-center gap-2 whitespace-nowrap font-semibold transition-colors duration-150 focus-visible:outline-2 focus-visible:outline-offset-2 focus-visible:outline-(--border-focus) disabled:pointer-events-none disabled:bg-(--bg-disabled) disabled:text-(--text-secondary) disabled:border-none select-none cursor-pointer text-(--text-primary) border hover:bg-(--bg-card-raised) active:bg-(--bg-page-alt) h-7 text-xs rounded-xs justify-start border-(--border-default) bg-(--bg-card-subtle) px-2.5 text-left\"\u001b[39m\n    \u001b[33mtitle\u001b[39m=\u001b[32m\"templates.placeholders.department — {{department}}\"\u001b[39m\n    \u001b[33mtype\u001b[39m=\u001b[32m\"button\"\u001b[39m\n  \u001b[36m/>\u001b[39m\n\n  Name \"templates.placeholders.salary\":\n  \u001b[36m<button\u001b[39m\n    \u001b[33mclass\u001b[39m=\u001b[32m\"inline-flex items-center gap-2 whitespace-nowrap font-semibold transition-colors duration-150 focus-visible:outline-2 focus-visible:outline-offset-2 focus-visible:outline-(--border-focus) disabled:pointer-events-none disabled:bg-(--bg-disabled) disabled:text-(--text-secondary) disabled:border-none select-none cursor-pointer text-(--text-primary) border hover:bg-(--bg-card-raised) active:bg-(--bg-page-alt) h-7 text-xs rounded-xs justify-start border-(--border-default) bg-(--bg-card-subtle) px-2.5 text-left\"\u001b[39m\n    \u001b[33mtitle\u001b[39m=\u001b[32m\"templates.placeholders.salary — {{salary}}\"\u001b[39m\n    \u001b[33mtype\u001b[39m=\u001b[32m\"button\"\u001b[39m\n  \u001b[36m/>\u001b[39m\n\n  Name \"templates.placeholders.hireDate\":\n  \u001b[36m<button\u001b[39m\n    \u001b[33mclass\u001b[39m=\u001b[32m\"inline-flex items-center gap-2 whitespace-nowrap font-semibold transition-colors duration-150 focus-visible:outline-2 focus-visible:outline-offset-2 focus-visible:outline-(--border-focus) disabled:pointer-events-none disabled:bg-(--bg-disabled) disabled:text-(--text-secondary) disabled:border-none select-none cursor-pointer text-(--text-primary) border hover:bg-(--bg-card-raised) active:bg-(--bg-page-alt) h-7 text-xs rounded-xs justify-start border-(--border-default) bg-(--bg-card-subtle) px-2.5 text-left\"\u001b[39m\n    \u001b[33mtitle\u001b[39m=\u001b[32m\"templates.placeholders.hireDate — {{hire_date}}\"\u001b[39m\n    \u001b[33mtype\u001b[39m=\u001b[32m\"button\"\u001b[39m\n  \u001b[36m/>\u001b[39m\n\n  Name \"templates.placeholders.contractType\":\n  \u001b[36m<button\u001b[39m\n    \u001b[33mclass\u001b[39m=\u001b[32m\"inline-flex items-center gap-2 whitespace-nowrap font-semibold transition-colors duration-150 focus-visible:outline-2 focus-visible:outline-offset-2 focus-visible:outline-(--border-focus) disabled:pointer-events-none disabled:bg-(--bg-disabled) disabled:text-(--text-secondary) disabled:border-none select-none cursor-pointer text-(--text-primary) border hover:bg-(--bg-card-raised) active:bg-(--bg-page-alt) h-7 text-xs rounded-xs justify-start border-(--border-default) bg-(--bg-card-subtle) px-2.5 text-left\"\u001b[39m\n    \u001b[33mtitle\u001b[39m=\u001b[32m\"templates.placeholders.contractType — {{contract_type}}\"\u001b[39m\n    \u001b[33mtype\u001b[39m=\u001b[32m\"button\"\u001b[39m\n  \u001b[36m/>\u001b[39m\n\n  Name \"templates.placeholders.companyName\":\n  \u001b[36m<button\u001b[39m\n    \u001b[33mclass\u001b[39m=\u001b[32m\"inline-flex items-center gap-2 whitespace-nowrap font-semibold transition-colors duration-150 focus-visible:outline-2 focus-visible:outline-offset-2 focus-visible:outline-(--border-focus) disabled:pointer-events-none disabled:bg-(--bg-disabled) disabled:text-(--text-secondary) disabled:border-none select-none cursor-pointer text-(--text-primary) border hover:bg-(--bg-card-raised) active:bg-(--bg-page-alt) h-7 text-xs rounded-xs justify-start border-(--border-default) bg-(--bg-card-subtle) px-2.5 text-left\"\u001b[39m\n    \u001b[33mtitle\u001b[39m=\u001b[32m\"templates.placeholders.companyName — {{company_name}}\"\u001b[39m\n    \u001b[33mtype\u001b[39m=\u001b[32m\"button\"\u001b[39m\n  \u001b[36m/>\u001b[39m\n\n  Name \"templates.placeholders.date\":\n  \u001b[36m<button\u001b[39m\n    \u001b[33mclass\u001b[39m=\u001b[32m\"inline-flex items-center gap-2 whitespace-nowrap font-semibold transition-colors duration-150 focus-visible:outline-2 focus-visible:outline-offset-2 focus-visible:outline-(--border-focus) disabled:pointer-events-none disabled:bg-(--bg-disabled) disabled:text-(--text-secondary) disabled:border-none select-none cursor-pointer text-(--text-primary) border hover:bg-(--bg-card-raised) active:bg-(--bg-page-alt) h-7 text-xs rounded-xs justify-start border-(--border-default) bg-(--bg-card-subtle) px-2.5 text-left\"\u001b[39m\n    \u001b[33mtitle\u001b[39m=\u001b[32m\"templates.placeholders.date — {{date}}\"\u001b[39m\n    \u001b[33mtype\u001b[39m=\u001b[32m\"button\"\u001b[39m\n  \u001b[36m/>\u001b[39m\n\n  Name \"common.cancel\":\n  \u001b[36m<button\u001b[39m\n    \u001b[33mclass\u001b[39m=\u001b[32m\"inline-flex items-center justify-center gap-2 whitespace-nowrap font-semibold transition-colors duration-150 focus-visible:outline-2 focus-visible:outline-offset-2 focus-visible:outline-(--border-focus) disabled:pointer-events-none disabled:bg-(--bg-disabled) disabled:text-(--text-secondary) disabled:border-none select-none cursor-pointer bg-(--bg-card) text-(--text-primary) border border-(--border-default) hover:bg-(--bg-card-raised) active:bg-(--bg-page-alt) h-10 px-4 text-sm rounded-sm\"\u001b[39m\n    \u001b[33mtype\u001b[39m=\u001b[32m\"button\"\u001b[39m\n  \u001b[36m/>\u001b[39m\n\n  Name \"templates.save\":\n  \u001b[36m<button\u001b[39m\n    \u001b[33mclass\u001b[39m=\u001b[32m\"inline-flex items-center justify-center gap-2 whitespace-nowrap font-semibold transition-colors duration-150 focus-visible:outline-2 focus-visible:outline-offset-2 focus-visible:outline-(--border-focus) disabled:pointer-events-none disabled:bg-(--bg-disabled) disabled:text-(--text-secondary) disabled:border-none select-none cursor-pointer bg-(--brand-primary) text-(--text-inverse) hover:bg-(--brand-primary-hover) active:bg-(--brand-primary-active) shadow-(--shadow-1) h-10 px-4 text-sm rounded-sm\"\u001b[39m\n    \u001b[33mtype\u001b[39m=\u001b[32m\"submit\"\u001b[39m\n  \u001b[36m/>\u001b[39m\n\n  --------------------------------------------------\n  textbox:\n\n  Name \"\":\n  \u001b[36m<input\u001b[39m\n    \u001b[33mclass\u001b[39m=\u001b[32m\"flex h-10 w-full rounded-sm border border-(--border-default) bg-paper px-3 py-2 text-sm text-(--text-primary) placeholder:text-(--text-muted) transition-all file:border-0 file:bg-transparent file:text-sm file:font-medium focus-visible:outline-none focus-visible:border-(--border-focus) focus-visible:ring-1 focus-visible:ring-(--border-focus) disabled:cursor-not-allowed disabled:bg-(--bg-disabled) disabled:text-(--text-secondary) dark:bg-(--bg-card) dark:border-(--border-emphasis) dark:focus-visible:ring-(--border-focus)\"\u001b[39m\n    \u001b[33mmaxlength\u001b[39m=\u001b[32m\"100\"\u001b[39m\n    \u001b[33mname\u001b[39m=\u001b[32m\"name\"\u001b[39m\n    \u001b[33mrequired\u001b[39m=\u001b[32m\"\"\u001b[39m\n    \u001b[33mtype\u001b[39m=\u001b[32m\"text\"\u001b[39m\n  \u001b[36m/>\u001b[39m\n\n  Name \"\":\n  \u001b[36m<textarea\u001b[39m\n    \u001b[33mclass\u001b[39m=\u001b[32m\"flex w-full rounded-sm border border-(--border-default) bg-paper px-3 py-2 text-(--text-primary) placeholder:text-(--text-muted) focus-visible:outline-none focus-visible:border-(--border-focus) focus-visible:ring-1 focus-visible:ring-(--border-focus) disabled:cursor-not-allowed disabled:bg-(--bg-disabled) disabled:text-(--text-secondary) dark:bg-(--bg-card) dark:border-(--border-emphasis) min-h-80 resize-y font-mono text-[13px] leading-relaxed\"\u001b[39m\n    \u001b[33mname\u001b[39m=\u001b[32m\"content_template\"\u001b[39m\n    \u001b[33mrequired\u001b[39m=\u001b[32m\"\"\u001b[39m\n  \u001b[36m/>\u001b[39m\n\n  --------------------------------------------------\n  combobox:\n\n  Name \"templates.fields.documentType\":\n  \u001b[36m<button\u001b[39m\n    \u001b[33maria-autocomplete\u001b[39m=\u001b[32m\"none\"\u001b[39m\n    \u001b[33maria-expanded\u001b[39m=\u001b[32m\"false\"\u001b[39m\n    \u001b[33maria-label\u001b[39m=\u001b[32m\"templates.fields.documentType\"\u001b[39m\n    \u001b[33mclass\u001b[39m=\u001b[32m\"flex h-10 w-full items-center justify-between rounded-sm border border-(--border-default) bg-paper px-3 py-2 text-sm text-(--text-primary) focus:outline-none focus:border-(--border-focus) focus:ring-1 focus:ring-(--border-focus) disabled:cursor-not-allowed disabled:bg-(--bg-disabled) disabled:text-(--text-secondary) dark:bg-(--bg-card) dark:border-(--border-emphasis) cursor-pointer text-start\"\u001b[39m\n    \u001b[33mdata-disabled\u001b[39m=\u001b[32m\"\"\u001b[39m\n    \u001b[33mdata-state\u001b[39m=\u001b[32m\"closed\"\u001b[39m\n    \u001b[33mdir\u001b[39m=\u001b[32m\"ltr\"\u001b[39m\n    \u001b[33mdisabled\u001b[39m=\u001b[32m\"\"\u001b[39m\n    \u001b[33mrole\u001b[39m=\u001b[32m\"combobox\"\u001b[39m\n    \u001b[33mtype\u001b[39m=\u001b[32m\"button\"\u001b[39m\n  \u001b[36m/>\u001b[39m\n\n  --------------------------------------------------\n  switch:\n\n  Name \"\":\n  \u001b[36m<button\u001b[39m\n    \u001b[33maria-checked\u001b[39m=\u001b[32m\"true\"\u001b[39m\n    \u001b[33mclass\u001b[39m=\u001b[32m\"peer inline-flex h-6 w-11 shrink-0 cursor-pointer items-center rounded-full border-2 border-transparent transition-colors focus-visible:outline-none focus-visible:ring-2 focus-visible:ring-(--border-focus) focus-visible:ring-offset-2 disabled:cursor-not-allowed disabled:opacity-50 bg-(--bg-disabled) dark:bg-(--bg-card-raised) data-[state=checked]:bg-(--ai-primary)\"\u001b[39m\n    \u001b[33mdata-state\u001b[39m=\u001b[32m\"checked\"\u001b[39m\n    \u001b[33mrole\u001b[39m=\u001b[32m\"switch\"\u001b[39m\n    \u001b[33mtype\u001b[39m=\u001b[32m\"button\"\u001b[39m\n    \u001b[33mvalue\u001b[39m=\u001b[32m\"on\"\u001b[39m\n  \u001b[36m/>\u001b[39m\n\n  --------------------------------------------------\n  list:\n\n  Name \"\":\n  \u001b[36m<ul\u001b[39m\n    \u001b[33mclass\u001b[39m=\u001b[32m\"mt-2 space-y-2 text-sm text-(--text-secondary)\"\u001b[39m\n  \u001b[36m/>\u001b[39m\n\n  --------------------------------------------------\n  listitem:\n\n  Name \"\":\n  \u001b[36m<li\u001b[39m\n    \u001b[33mclass\u001b[39m=\u001b[32m\"flex items-center gap-2\"\u001b[39m\n  \u001b[36m/>\u001b[39m\n\n  Name \"\":\n  \u001b[36m<li\u001b[39m\n    \u001b[33mclass\u001b[39m=\u001b[32m\"flex items-center gap-2\"\u001b[39m\n  \u001b[36m/>\u001b[39m\n\n  Name \"\":\n  \u001b[36m<li\u001b[39m\n    \u001b[33mclass\u001b[39m=\u001b[32m\"flex items-center gap-2\"\u001b[39m\n  \u001b[36m/>\u001b[39m\n\n  --------------------------------------------------main:\n\n  Name \"\":\n  \u001b[36m<main\u001b[39m\n    \u001b[33mclass\u001b[39m=\u001b[32m\"flex-1 overflow-y-auto bg-(--bg-page)\"\u001b[39m\n  \u001b[36m/>\u001b[39m\n\n  --------------------------------------------------\n  banner:\n\n  Name \"\":\n  \u001b[36m<header\u001b[39m\n    \u001b[33mclass\u001b[39m=\u001b[32m\"flex flex-col gap-2 text-start\"\u001b[39m\n  \u001b[36m/>\u001b[39m\n\n  --------------------------------------------------\n  heading:\n\n  Name \"templates.editTitle\":\n  \u001b[36m<h2\u001b[39m\n    \u001b[33mclass\u001b[39m=\u001b[32m\"font-display text-3xl font-semibold text-(--text-primary)\"\u001b[39m\n  \u001b[36m/>\u001b[39m\n\n  Name \"Document builder\":\n  \u001b[36m<h3\u001b[39m\n    \u001b[33mclass\u001b[39m=\u001b[32m\"mt-1 text-sm font-semibold text-(--text-primary)\"\u001b[39m\n  \u001b[36m/>\u001b[39m\n\n  Name \"Insert variable\":\n  \u001b[36m<h3\u001b[39m\n    \u001b[33mclass\u001b[39m=\u001b[32m\"mt-1 text-sm font-semibold text-(--text-primary)\"\u001b[39m\n  \u001b[36m/>\u001b[39m\n\n  Name \"Document builder\":\n  \u001b[36m<h3\u001b[39m\n    \u001b[33mclass\u001b[39m=\u001b[32m\"mt-1 text-sm font-semibold text-(--text-primary)\"\u001b[39m\n  \u001b[36m/>\u001b[39m\n\n  Name \"Live preview\":\n  \u001b[36m<h3\u001b[39m\n    \u001b[33mclass\u001b[39m=\u001b[32m\"text-sm font-semibold text-(--text-primary)\"\u001b[39m\n  \u001b[36m/>\u001b[39m\n\n  Name \"AI context\":\n  \u001b[36m<h3\u001b[39m\n    \u001b[33mclass\u001b[39m=\u001b[32m\"text-sm font-semibold text-(--text-primary)\"\u001b[39m\n  \u001b[36m/>\u001b[39m\n\n  --------------------------------------------------\n  paragraph:\n\n  Name \"\":\n  \u001b[36m<p\u001b[39m\n    \u001b[33mclass\u001b[39m=\u001b[32m\"max-w-2xl text-sm leading-relaxed text-(--text-secondary)\"\u001b[39m\n  \u001b[36m/>\u001b[39m\n\n  Name \"\":\n  \u001b[36m<p\u001b[39m\n    \u001b[33mclass\u001b[39m=\u001b[32m\"text-[11px] font-semibold uppercase tracking-[0.12em] text-(--text-secondary)\"\u001b[39m\n  \u001b[36m/>\u001b[39m\n\n  Name \"\":\n  \u001b[36m<p\u001b[39m\n    \u001b[33mclass\u001b[39m=\u001b[32m\"text-[11px] font-semibold uppercase tracking-[0.12em] text-(--text-secondary)\"\u001b[39m\n  \u001b[36m/>\u001b[39m\n\n  Name \"\":\n  \u001b[36m<p\u001b[39m\n    \u001b[33mclass\u001b[39m=\u001b[32m\"text-[11px] font-semibold uppercase tracking-[0.12em] text-(--text-secondary)\"\u001b[39m\n  \u001b[36m/>\u001b[39m\n\n  Name \"\":\n  \u001b[36m<p\u001b[39m\n    \u001b[33mclass\u001b[39m=\u001b[32m\"text-[11px] font-semibold uppercase tracking-[0.12em] text-(--text-secondary)\"\u001b[39m\n  \u001b[36m/>\u001b[39m\n\n  Name \"\":\n  \u001b[36m<p\u001b[39m\n    \u001b[33mclass\u001b[39m=\u001b[32m\"text-[11px] font-semibold uppercase tracking-[0.12em] text-(--text-secondary)\"\u001b[39m\n  \u001b[36m/>\u001b[39m\n\n  Name \"\":\n  \u001b[36m<p\u001b[39m\n    \u001b[33mclass\u001b[39m=\u001b[32m\"mt-2 text-sm text-(--text-secondary)\"\u001b[39m\n  \u001b[36m/>\u001b[39m\n\n  --------------------------------------------------\n  button:\n\n  Name \"templates.backToTemplates\":\n  \u001b[36m<button\u001b[39m\n    \u001b[33mclass\u001b[39m=\u001b[32m\"inline-flex items-center justify-center gap-2 whitespace-nowrap font-semibold transition-colors duration-150 focus-visible:outline-2 focus-visible:outline-offset-2 focus-visible:outline-(--border-focus) disabled:pointer-events-none disabled:bg-(--bg-disabled) disabled:text-(--text-secondary) disabled:border-none select-none cursor-pointer bg-(--bg-card) text-(--text-primary) border border-(--border-default) hover:bg-(--bg-card-raised) active:bg-(--bg-page-alt) h-8 px-3 text-xs rounded-sm\"\u001b[39m\n    \u001b[33mtype\u001b[39m=\u001b[32m\"button\"\u001b[39m\n  \u001b[36m/>\u001b[39m\n\n  Name \"Generate Legal Clauses\":\n  \u001b[36m<button\u001b[39m\n    \u001b[33mclass\u001b[39m=\u001b[32m\"inline-flex items-center justify-center gap-2 whitespace-nowrap font-semibold transition-colors duration-150 focus-visible:outline-2 focus-visible:outline-offset-2 focus-visible:outline-(--border-focus) disabled:pointer-events-none disabled:bg-(--bg-disabled) disabled:text-(--text-secondary) disabled:border-none select-none cursor-pointer bg-(--ai-primary) text-(--text-on-accent) hover:bg-(--accent-primary-hover) active:bg-(--accent-primary-active) shadow-(--shadow-1) h-8 px-3 text-xs rounded-sm\"\u001b[39m\n    \u001b[33mtype\u001b[39m=\u001b[32m\"button\"\u001b[39m\n  \u001b[36m/>\u001b[39m\n\n  Name \"common.cancel\":\n  \u001b[36m<button\u001b[39m\n    \u001b[33mclass\u001b[39m=\u001b[32m\"inline-flex items-center justify-center gap-2 whitespace-nowrap font-semibold transition-colors duration-150 focus-visible:outline-2 focus-visible:outline-offset-2 focus-visible:outline-(--border-focus) disabled:pointer-events-none disabled:bg-(--bg-disabled) disabled:text-(--text-secondary) disabled:border-none select-none cursor-pointer bg-(--bg-card) text-(--text-primary) border border-(--border-default) hover:bg-(--bg-card-raised) active:bg-(--bg-page-alt) h-8 px-3 text-xs rounded-sm\"\u001b[39m\n    \u001b[33mtype\u001b[39m=\u001b[32m\"button\"\u001b[39m\n  \u001b[36m/>\u001b[39m\n\n  Name \"templates.save\":\n  \u001b[36m<button\u001b[39m\n    \u001b[33mclass\u001b[39m=\u001b[32m\"inline-flex items-center justify-center gap-2 whitespace-nowrap font-semibold transition-colors duration-150 focus-visible:outline-2 focus-visible:outline-offset-2 focus-visible:outline-(--border-focus) disabled:pointer-events-none disabled:bg-(--bg-disabled) disabled:text-(--text-secondary) disabled:border-none select-none cursor-pointer bg-(--brand-primary) text-(--text-inverse) hover:bg-(--brand-primary-hover) active:bg-(--brand-primary-active) shadow-(--shadow-1) h-8 px-3 text-xs rounded-sm\"\u001b[39m\n    \u001b[33mform\u001b[39m=\u001b[32m\"template-form\"\u001b[39m\n    \u001b[33mtype\u001b[39m=\u001b[32m\"submit\"\u001b[39m\n  \u001b[36m/>\u001b[39m\n\n  Name \"Heading\":\n  \u001b[36m<button\u001b[39m\n    \u001b[33mclass\u001b[39m=\u001b[32m\"inline-flex items-center gap-2 whitespace-nowrap font-semibold transition-colors duration-150 focus-visible:outline-2 focus-visible:outline-offset-2 focus-visible:outline-(--border-focus) disabled:pointer-events-none disabled:bg-(--bg-disabled) disabled:text-(--text-secondary) disabled:border-none select-none cursor-pointer bg-(--bg-card) text-(--text-primary) border border-(--border-default) hover:bg-(--bg-card-raised) active:bg-(--bg-page-alt) h-8 px-3 text-xs rounded-sm justify-start text-left\"\u001b[39m\n    \u001b[33mtype\u001b[39m=\u001b[32m\"button\"\u001b[39m\n  \u001b[36m/>\u001b[39m\n\n  Name \"Paragraph\":\n  \u001b[36m<button\u001b[39m\n    \u001b[33mclass\u001b[39m=\u001b[32m\"inline-flex items-center gap-2 whitespace-nowrap font-semibold transition-colors duration-150 focus-visible:outline-2 focus-visible:outline-offset-2 focus-visible:outline-(--border-focus) disabled:pointer-events-none disabled:bg-(--bg-disabled) disabled:text-(--text-secondary) disabled:border-none select-none cursor-pointer bg-(--bg-card) text-(--text-primary) border border-(--border-default) hover:bg-(--bg-card-raised) active:bg-(--bg-page-alt) h-8 px-3 text-xs rounded-sm justify-start text-left\"\u001b[39m\n    \u001b[33mtype\u001b[39m=\u001b[32m\"button\"\u001b[39m\n  \u001b[36m/>\u001b[39m\n\n  Name \"Clause\":\n  \u001b[36m<button\u001b[39m\n    \u001b[33mclass\u001b[39m=\u001b[32m\"inline-flex items-center gap-2 whitespace-nowrap font-semibold transition-colors duration-150 focus-visible:outline-2 focus-visible:outline-offset-2 focus-visible:outline-(--border-focus) disabled:pointer-events-none disabled:bg-(--bg-disabled) disabled:text-(--text-secondary) disabled:border-none select-none cursor-pointer bg-(--bg-card) text-(--text-primary) border border-(--border-default) hover:bg-(--bg-card-raised) active:bg-(--bg-page-alt) h-8 px-3 text-xs rounded-sm justify-start text-left\"\u001b[39m\n    \u001b[33mtype\u001b[39m=\u001b[32m\"button\"\u001b[39m\n  \u001b[36m/>\u001b[39m\n\n  Name \"Bullet list\":\n  \u001b[36m<button\u001b[39m\n    \u001b[33mclass\u001b[39m=\u001b[32m\"inline-flex items-center gap-2 whitespace-nowrap font-semibold transition-colors duration-150 focus-visible:outline-2 focus-visible:outline-offset-2 focus-visible:outline-(--border-focus) disabled:pointer-events-none disabled:bg-(--bg-disabled) disabled:text-(--text-secondary) disabled:border-none select-none cursor-pointer bg-(--bg-card) text-(--text-primary) border border-(--border-default) hover:bg-(--bg-card-raised) active:bg-(--bg-page-alt) h-8 px-3 text-xs rounded-sm justify-start text-left\"\u001b[39m\n    \u001b[33mtype\u001b[39m=\u001b[32m\"button\"\u001b[39m\n  \u001b[36m/>\u001b[39m\n\n  Name \"Divider\":\n  \u001b[36m<button\u001b[39m\n    \u001b[33mclass\u001b[39m=\u001b[32m\"inline-flex items-center gap-2 whitespace-nowrap font-semibold transition-colors duration-150 focus-visible:outline-2 focus-visible:outline-offset-2 focus-visible:outline-(--border-focus) disabled:pointer-events-none disabled:bg-(--bg-disabled) disabled:text-(--text-secondary) disabled:border-none select-none cursor-pointer bg-(--bg-card) text-(--text-primary) border border-(--border-default) hover:bg-(--bg-card-raised) active:bg-(--bg-page-alt) h-8 px-3 text-xs rounded-sm justify-start text-left\"\u001b[39m\n    \u001b[33mtype\u001b[39m=\u001b[32m\"button\"\u001b[39m\n  \u001b[36m/>\u001b[39m\n\n  Name \"Signature\":\n  \u001b[36m<button\u001b[39m\n    \u001b[33mclass\u001b[39m=\u001b[32m\"inline-flex items-center gap-2 whitespace-nowrap font-semibold transition-colors duration-150 focus-visible:outline-2 focus-visible:outline-offset-2 focus-visible:outline-(--border-focus) disabled:pointer-events-none disabled:bg-(--bg-disabled) disabled:text-(--text-secondary) disabled:border-none select-none cursor-pointer bg-(--bg-card) text-(--text-primary) border border-(--border-default) hover:bg-(--bg-card-raised) active:bg-(--bg-page-alt) h-8 px-3 text-xs rounded-sm justify-start text-left\"\u001b[39m\n    \u001b[33mtype\u001b[39m=\u001b[32m\"button\"\u001b[39m\n  \u001b[36m/>\u001b[39m\n\n  Name \"templates.placeholders.employeeName\":\n  \u001b[36m<button\u001b[39m\n    \u001b[33mclass\u001b[39m=\u001b[32m\"inline-flex items-center gap-2 whitespace-nowrap font-semibold transition-colors duration-150 focus-visible:outline-2 focus-visible:outline-offset-2 focus-visible:outline-(--border-focus) disabled:pointer-events-none disabled:bg-(--bg-disabled) disabled:text-(--text-secondary) disabled:border-none select-none cursor-pointer text-(--text-primary) border hover:bg-(--bg-card-raised) active:bg-(--bg-page-alt) h-7 text-xs rounded-xs justify-start border-(--border-default) bg-(--bg-card-subtle) px-2.5 text-left\"\u001b[39m\n    \u001b[33mtitle\u001b[39m=\u001b[32m\"templates.placeholders.employeeName — {{employee_name}}\"\u001b[39m\n    \u001b[33mtype\u001b[39m=\u001b[32m\"button\"\u001b[39m\n  \u001b[36m/>\u001b[39m\n\n  Name \"templates.placeholders.jobTitle\":\n  \u001b[36m<button\u001b[39m\n    \u001b[33mclass\u001b[39m=\u001b[32m\"inline-flex items-center gap-2 whitespace-nowrap font-semibold transition-colors duration-150 focus-visible:outline-2 focus-visible:outline-offset-2 focus-visible:outline-(--border-focus) disabled:pointer-events-none disabled:bg-(--bg-disabled) disabled:text-(--text-secondary) disabled:border-none select-none cursor-pointer text-(--text-primary) border hover:bg-(--bg-card-raised) active:bg-(--bg-page-alt) h-7 text-xs rounded-xs justify-start border-(--border-default) bg-(--bg-card-subtle) px-2.5 text-left\"\u001b[39m\n    \u001b[33mtitle\u001b[39m=\u001b[32m\"templates.placeholders.jobTitle — {{job_title}}\"\u001b[39m\n    \u001b[33mtype\u001b[39m=\u001b[32m\"button\"\u001b[39m\n  \u001b[36m/>\u001b[39m\n\n  Name \"templates.placeholders.department\":\n  \u001b[36m<button\u001b[39m\n    \u001b[33mclass\u001b[39m=\u001b[32m\"inline-flex items-center gap-2 whitespace-nowrap font-semibold transition-colors duration-150 focus-visible:outline-2 focus-visible:outline-offset-2 focus-visible:outline-(--border-focus) disabled:pointer-events-none disabled:bg-(--bg-disabled) disabled:text-(--text-secondary) disabled:border-none select-none cursor-pointer text-(--text-primary) border hover:bg-(--bg-card-raised) active:bg-(--bg-page-alt) h-7 text-xs rounded-xs justify-start border-(--border-default) bg-(--bg-card-subtle) px-2.5 text-left\"\u001b[39m\n    \u001b[33mtitle\u001b[39m=\u001b[32m\"templates.placeholders.department — {{department}}\"\u001b[39m\n    \u001b[33mtype\u001b[39m=\u001b[32m\"button\"\u001b[39m\n  \u001b[36m/>\u001b[39m\n\n  Name \"templates.placeholders.salary\":\n  \u001b[36m<button\u001b[39m\n    \u001b[33mclass\u001b[39m=\u001b[32m\"inline-flex items-center gap-2 whitespace-nowrap font-semibold transition-colors duration-150 focus-visible:outline-2 focus-visible:outline-offset-2 focus-visible:outline-(--border-focus) disabled:pointer-events-none disabled:bg-(--bg-disabled) disabled:text-(--text-secondary) disabled:border-none select-none cursor-pointer text-(--text-primary) border hover:bg-(--bg-card-raised) active:bg-(--bg-page-alt) h-7 text-xs rounded-xs justify-start border-(--border-default) bg-(--bg-card-subtle) px-2.5 text-left\"\u001b[39m\n    \u001b[33mtitle\u001b[39m=\u001b[32m\"templates.placeholders.salary — {{salary}}\"\u001b[39m\n    \u001b[33mtype\u001b[39m=\u001b[32m\"button\"\u001b[39m\n  \u001b[36m/>\u001b[39m\n\n  Name \"templates.placeholders.hireDate\":\n  \u001b[36m<button\u001b[39m\n    \u001b[33mclass\u001b[39m=\u001b[32m\"inline-flex items-center gap-2 whitespace-nowrap font-semibold transition-colors duration-150 focus-visible:outline-2 focus-visible:outline-offset-2 focus-visible:outline-(--border-focus) disabled:pointer-events-none disabled:bg-(--bg-disabled) disabled:text-(--text-secondary) disabled:border-none select-none cursor-pointer text-(--text-primary) border hover:bg-(--bg-card-raised) active:bg-(--bg-page-alt) h-7 text-xs rounded-xs justify-start border-(--border-default) bg-(--bg-card-subtle) px-2.5 text-left\"\u001b[39m\n    \u001b[33mtitle\u001b[39m=\u001b[32m\"templates.placeholders.hireDate — {{hire_date}}\"\u001b[39m\n    \u001b[33mtype\u001b[39m=\u001b[32m\"button\"\u001b[39m\n  \u001b[36m/>\u001b[39m\n\n  Name \"templates.placeholders.contractType\":\n  \u001b[36m<button\u001b[39m\n    \u001b[33mclass\u001b[39m=\u001b[32m\"inline-flex items-center gap-2 whitespace-nowrap font-semibold transition-colors duration-150 focus-visible:outline-2 focus-visible:outline-offset-2 focus-visible:outline-(--border-focus) disabled:pointer-events-none disabled:bg-(--bg-disabled) disabled:text-(--text-secondary) disabled:border-none select-none cursor-pointer text-(--text-primary) border hover:bg-(--bg-card-raised) active:bg-(--bg-page-alt) h-7 text-xs rounded-xs justify-start border-(--border-default) bg-(--bg-card-subtle) px-2.5 text-left\"\u001b[39m\n    \u001b[33mtitle\u001b[39m=\u001b[32m\"templates.placeholders.contractType — {{contract_type}}\"\u001b[39m\n    \u001b[33mtype\u001b[39m=\u001b[32m\"button\"\u001b[39m\n  \u001b[36m/>\u001b[39m\n\n  Name \"templates.placeholders.companyName\":\n  \u001b[36m<button\u001b[39m\n    \u001b[33mclass\u001b[39m=\u001b[32m\"inline-flex items-center gap-2 whitespace-nowrap font-semibold transition-colors duration-150 focus-visible:outline-2 focus-visible:outline-offset-2 focus-visible:outline-(--border-focus) disabled:pointer-events-none disabled:bg-(--bg-disabled) disabled:text-(--text-secondary) disabled:border-none select-none cursor-pointer text-(--text-primary) border hover:bg-(--bg-card-raised) active:bg-(--bg-page-alt) h-7 text-xs rounded-xs justify-start border-(--border-default) bg-(--bg-card-subtle) px-2.5 text-left\"\u001b[39m\n    \u001b[33mtitle\u001b[39m=\u001b[32m\"templates.placeholders.companyName — {{company_name}}\"\u001b[39m\n    \u001b[33mtype\u001b[39m=\u001b[32m\"button\"\u001b[39m\n  \u001b[36m/>\u001b[39m\n\n  Name \"templates.placeholders.date\":\n  \u001b[36m<button\u001b[39m\n    \u001b[33mclass\u001b[39m=\u001b[32m\"inline-flex items-center gap-2 whitespace-nowrap font-semibold transition-colors duration-150 focus-visible:outline-2 focus-visible:outline-offset-2 focus-visible:outline-(--border-focus) disabled:pointer-events-none disabled:bg-(--bg-disabled) disabled:text-(--text-secondary) disabled:border-none select-none cursor-pointer text-(--text-primary) border hover:bg-(--bg-card-raised) active:bg-(--bg-page-alt) h-7 text-xs rounded-xs justify-start border-(--border-default) bg-(--bg-card-subtle) px-2.5 text-left\"\u001b[39m\n    \u001b[33mtitle\u001b[39m=\u001b[32m\"templates.placeholders.date — {{date}}\"\u001b[39m\n    \u001b[33mtype\u001b[39m=\u001b[32m\"button\"\u001b[39m\n  \u001b[36m/>\u001b[39m\n\n  Name \"common.cancel\":\n  \u001b[36m<button\u001b[39m\n    \u001b[33mclass\u001b[39m=\u001b[32m\"inline-flex items-center justify-center gap-2 whitespace-nowrap font-semibold transition-colors duration-150 focus-visible:outline-2 focus-visible:outline-offset-2 focus-visible:outline-(--border-focus) disabled:pointer-events-none disabled:bg-(--bg-disabled) disabled:text-(--text-secondary) disabled:border-none select-none cursor-pointer bg-(--bg-card) text-(--text-primary) border border-(--border-default) hover:bg-(--bg-card-raised) active:bg-(--bg-page-alt) h-10 px-4 text-sm rounded-sm\"\u001b[39m\n    \u001b[33mtype\u001b[39m=\u001b[32m\"button\"\u001b[39m\n  \u001b[36m/>\u001b[39m\n\n  Name \"templates.save\":\n  \u001b[36m<button\u001b[39m\n    \u001b[33mclass\u001b[39m=\u001b[32m\"inline-flex items-center justify-center gap-2 whitespace-nowrap font-semibold transition-colors duration-150 focus-visible:outline-2 focus-visible:outline-offset-2 focus-visible:outline-(--border-focus) disabled:pointer-events-none disabled:bg-(--bg-disabled) disabled:text-(--text-secondary) disabled:border-none select-none cursor-pointer bg-(--brand-primary) text-(--text-inverse) hover:bg-(--brand-primary-hover) active:bg-(--brand-primary-active) shadow-(--shadow-1) h-10 px-4 text-sm rounded-sm\"\u001b[39m\n    \u001b[33mtype\u001b[39m=\u001b[32m\"submit\"\u001b[39m\n  \u001b[36m/>\u001b[39m\n\n  --------------------------------------------------\n  textbox:\n\n  Name \"\":\n  \u001b[36m<input\u001b[39m\n    \u001b[33mclass\u001b[39m=\u001b[32m\"flex h-10 w-full rounded-sm border border-(--border-default) bg-paper px-3 py-2 text-sm text-(--text-primary) placeholder:text-(--text-muted) transition-all file:border-0 file:bg-transparent file:text-sm file:font-medium focus-visible:outline-none focus-visible:border-(--border-focus) focus-visible:ring-1 focus-visible:ring-(--border-focus) disabled:cursor-not-allowed disabled:bg-(--bg-disabled) disabled:text-(--text-secondary) dark:bg-(--bg-card) dark:border-(--border-emphasis) dark:focus-visible:ring-(--border-focus)\"\u001b[39m\n    \u001b[33mmaxlength\u001b[39m=\u001b[32m\"100\"\u001b[39m\n    \u001b[33mname\u001b[39m=\u001b[32m\"name\"\u001b[39m\n    \u001b[33mrequired\u001b[39m=\u001b[32m\"\"\u001b[39m\n    \u001b[33mtype\u001b[39m=\u001b[32m\"text\"\u001b[39m\n  \u001b[36m/>\u001b[39m\n\n  Name \"\":\n  \u001b[36m<textarea\u001b[39m\n    \u001b[33mclass\u001b[39m=\u001b[32m\"flex w-full rounded-sm border border-(--border-default) bg-paper px-3 py-2 text-(--text-primary) placeholder:text-(--text-muted) focus-visible:outline-none focus-visible:border-(--border-focus) focus-visible:ring-1 focus-visible:ring-(--border-focus) disabled:cursor-not-allowed disabled:bg-(--bg-disabled) disabled:text-(--text-secondary) dark:bg-(--bg-card) dark:border-(--border-emphasis) min-h-80 resize-y font-mono text-[13px] leading-relaxed\"\u001b[39m\n    \u001b[33mname\u001b[39m=\u001b[32m\"content_template\"\u001b[39m\n    \u001b[33mrequired\u001b[39m=\u001b[32m\"\"\u001b[39m\n  \u001b[36m/>\u001b[39m\n\n  --------------------------------------------------\n  combobox:\n\n  Name \"templates.fields.documentType\":\n  \u001b[36m<button\u001b[39m\n    \u001b[33maria-autocomplete\u001b[39m=\u001b[32m\"none\"\u001b[39m\n    \u001b[33maria-expanded\u001b[39m=\u001b[32m\"false\"\u001b[39m\n    \u001b[33maria-label\u001b[39m=\u001b[32m\"templates.fields.documentType\"\u001b[39m\n    \u001b[33mclass\u001b[39m=\u001b[32m\"flex h-10 w-full items-center justify-between rounded-sm border border-(--border-default) bg-paper px-3 py-2 text-sm text-(--text-primary) focus:outline-none focus:border-(--border-focus) focus:ring-1 focus:ring-(--border-focus) disabled:cursor-not-allowed disabled:bg-(--bg-disabled) disabled:text-(--text-secondary) dark:bg-(--bg-card) dark:border-(--border-emphasis) cursor-pointer text-start\"\u001b[39m\n    \u001b[33mdata-disabled\u001b[39m=\u001b[32m\"\"\u001b[39m\n    \u001b[33mdata-state\u001b[39m=\u001b[32m\"closed\"\u001b[39m\n    \u001b[33mdir\u001b[39m=\u001b[32m\"ltr\"\u001b[39m\n    \u001b[33mdisabled\u001b[39m=\u001b[32m\"\"\u001b[39m\n    \u001b[33mrole\u001b[39m=\u001b[32m\"combobox\"\u001b[39m\n    \u001b[33mtype\u001b[39m=\u001b[32m\"button\"\u001b[39m\n  \u001b[36m/>\u001b[39m\n\n  --------------------------------------------------\n  switch:\n\n  Name \"\":\n  \u001b[36m<button\u001b[39m\n    \u001b[33maria-checked\u001b[39m=\u001b[32m\"true\"\u001b[39m\n    \u001b[33mclass\u001b[39m=\u001b[32m\"peer inline-flex h-6 w-11 shrink-0 cursor-pointer items-center rounded-full border-2 border-transparent transition-colors focus-visible:outline-none focus-visible:ring-2 focus-visible:ring-(--border-focus) focus-visible:ring-offset-2 disabled:cursor-not-allowed disabled:opacity-50 bg-(--bg-disabled) dark:bg-(--bg-card-raised) data-[state=checked]:bg-(--ai-primary)\"\u001b[39m\n    \u001b[33mdata-state\u001b[39m=\u001b[32m\"checked\"\u001b[39m\n    \u001b[33mrole\u001b[39m=\u001b[32m\"switch\"\u001b[39m\n    \u001b[33mtype\u001b[39m=\u001b[32m\"button\"\u001b[39m\n    \u001b[33mvalue\u001b[39m=\u001b[32m\"on\"\u001b[39m\n  \u001b[36m/>\u001b[39m\n\n  --------------------------------------------------\n  list:\n\n  Name \"\":\n  \u001b[36m<ul\u001b[39m\n    \u001b[33mclass\u001b[39m=\u001b[32m\"mt-2 space-y-2 text-sm text-(--text-secondary)\"\u001b[39m\n  \u001b[36m/>\u001b[39m\n\n  --------------------------------------------------\n  listitem:\n\n  Name \"\":\n  \u001b[36m<li\u001b[39m\n    \u001b[33mclass\u001b[39m=\u001b[32m\"flex items-center gap-2\"\u001b[39m\n  \u001b[36m/>\u001b[39m\n\n  Name \"\":\n  \u001b[36m<li\u001b[39m\n    \u001b[33mclass\u001b[39m=\u001b[32m\"flex items-center gap-2\"\u001b[39m\n  \u001b[36m/>\u001b[39m\n\n  Name \"\":\n  \u001b[36m<li\u001b[39m\n    \u001b[33mclass\u001b[39m=\u001b[32m\"flex items-center gap-2\"\u001b[39m\n  \u001b[36m/>\u001b[39m\n\n  --------------------------------------------------\n\nIgnored nodes: comments, script, style\n\u001b[36m<body>\u001b[39m\n  \u001b[36m<div>\u001b[39m\n    \u001b[36m<main\u001b[39m\n      \u001b[33mclass\u001b[39m=\u001b[32m\"flex-1 overflow-y-auto bg-(--bg-page)\"\u001b[39m\n    \u001b[36m>\u001b[39m\n      \u001b[36m<div\u001b[39m\n        \u001b[33mclass\u001b[39m=\u001b[32m\"mx-auto flex w-full max-w-6xl flex-col gap-6 p-6 pb-16\"\u001b[39m\n      \u001b[36m>\u001b[39m\n        \u001b[36m<header\u001b[39m\n          \u001b[33mclass\u001b[39m=\u001b[32m\"flex flex-col gap-2 text-start\"\u001b[39m\n        \u001b[36m>\u001b[39m\n          \u001b[36m<span\u001b[39m\n            \u001b[33mclass\u001b[39m=\u001b[32m\"text-xs font-semibold uppercase tracking-wider text-(--brand-primary)\"\u001b[39m\n          \u001b[36m>\u001b[39m\n            \u001b[0mtemplates.eyebrow\u001b[0m\n          \u001b[36m</span>\u001b[39m\n          \u001b[36m<h2\u001b[39m\n            \u001b[33mclass\u001b[39m=\u001b[32m\"font-display text-3xl font-semibold text-(--text-primary)\"\u001b[39m\n          \u001b[36m>\u001b[39m\n            \u001b[0mtemplates.editTitle\u001b[0m\n          \u001b[36m</h2>\u001b[39m\n          \u001b[36m<p\u001b[39m\n            \u001b[33mclass\u001b[39m=\u001b[32m\"max-w-2xl text-sm leading-relaxed text-(--text-secondary)\"\u001b[39m\n          \u001b[36m>\u001b[39m\n            \u001b[0mtemplates.editDescription\u001b[0m\n          \u001b[36m</p>\u001b[39m\n        \u001b[36m</header>\u001b[39m\n        \u001b[36m<div\u001b[39m\n          \u001b[33mclass\u001b[39m=\u001b[32m\"flex flex-wrap items-center justify-between gap-3 rounded-md border border-(--border-default) bg-(--bg-card) px-4 py-3 shadow-(--shadow-1)\"\u001b[39m\n        \u001b[36m>\u001b[39m\n          \u001b[36m<div\u001b[39m\n            \u001b[33mclass\u001b[39m=\u001b[32m\"flex items-center gap-3\"\u001b[39m\n          \u001b[36m>\u001b[39m\n            \u001b[36m<button\u001b[39m\n              \u001b[33mclass\u001b[39m=\u001b[32m\"inline-flex items-center justify-center gap-2 whitespace-nowrap font-semibold transition-colors duration-150 focus-visible:outline-2 focus-visible:outline-offset-2 focus-visible:outline-(--border-focus) disabled:pointer-events-none disabled:bg-(--bg-disabled) disabled:text-(--text-secondary) disabled:border-none select-none cursor-pointer bg-(--bg-card) text-(--text-primary) border border-(--border-default) hover:bg-(--bg-card-raised) active:bg-(--bg-page-alt) h-8 px-3 text-xs rounded-sm\"\u001b[39m\n              \u001b[33mtype\u001b[39m=\u001b[32m\"button\"\u001b[39m\n            \u001b[36m>\u001b[39m\n              \u001b[36m<svg\u001b[39m\n                \u001b[33maria-hidden\u001b[39m=\u001b[32m\"true\"\u001b[39m\n                \u001b[33mclass\u001b[39m=\u001b[32m\"lucide lucide-arrow-left h-4 w-4 rtl:rotate-180\"\u001b[39m\n                \u001b[33mfill\u001b[39m=\u001b[32m\"none\"\u001b[39m\n                \u001b[33mheight\u001b[39m=\u001b[32m\"24\"\u001b[39m\n                \u001b[33mstroke\u001b[39m=\u001b[32m\"currentColor\"\u001b[39m\n                \u001b[33mstroke-linecap\u001b[39m=\u001b[32m\"round\"\u001b[39m\n                \u001b[33mstroke-linejoin\u001b[39m=\u001b[32m\"round\"\u001b[39m\n                \u001b[33mstroke-width\u001b[39m=\u001b[32m\"2\"\u001b[39m\n                \u001b[33mviewBox\u001b[39m=\u001b[32m\"0 0 24 24\"\u001b[39m\n                \u001b[33mwidth\u001b[39m=\u001b[32m\"24\"\u001b[39m\n                \u001b[33mxmlns\u001b[39m=\u001b[32m\"http://www.w3.org/2000/svg\"\u001b[39m\n              \u001b[36m>\u001b[39m\n                \u001b[36m<path\u001b[39m\n                  \u001b[33md\u001b[39m=\u001b[32m\"m12 19-7-7 7-7\"\u001b[39m\n                \u001b[36m/>\u001b[39m\n                \u001b[36m<path\u001b[39m\n                  \u001b[33md\u001b[39m=\u001b[32m\"M19 12H5\"\u001b[39m\n                \u001b[36m/>\u001b[39m\n              \u001b[36m</svg>\u001b[39m\n              \u001b[0mtemplates.backToTemplates\u001b[0m\n            \u001b[36m</button>\u001b[39m\n            \u001b[36m<div\u001b[39m\n              \u001b[33mclass\u001b[39m=\u001b[32m\"inline-flex items-center gap-1.5 px-2 py-0.5 text-xs font-semibold select-none border transition-colors bg-(--legal-surface) text-(--legal-primary) border-(--border-default) rounded-full\"\u001b[39m\n            \u001b[36m>\u001b[39m\n              \u001b[0mtemplates.documentTypeImmutable\u001b[0m\n            \u001b[36m</div>\u001b[39m\n          \u001b[36m</div>\u001b[39m\n          \u001b[36m<div\u001b[39m\n            \u001b[33mclass\u001b[39m=\u001b[32m\"flex items-center gap-2\"\u001b[39m\n          \u001b[36m>\u001b[39m\n            \u001b[36m<button\u001b[39m\n              \u001b[33mclass\u001b[39m=\u001b[32m\"inline-flex items-center justify-center gap-2 whitespace-nowrap font-semibold transition-colors duration-150 focus-visible:outline-2 focus-visible:outline-offset-2 focus-visible:outline-(--border-focus) disabled:pointer-events-none disabled:bg-(--bg-disabled) disabled:text-(--text-secondary) disabled:border-none select-none cursor-pointer bg-(--ai-primary) text-(--text-on-accent) hover:bg-(--accent-primary-hover) active:bg-(--accent-primary-active) shadow-(--shadow-1) h-8 px-3 text-xs rounded-sm\"\u001b[39m\n              \u001b[33mtype\u001b[39m=\u001b[32m\"button\"\u001b[39m\n            \u001b[36m>\u001b[39m\n              \u001b[36m<svg\u001b[39m\n                \u001b[33maria-hidden\u001b[39m=\u001b[32m\"true\"\u001b[39m\n                \u001b[33mclass\u001b[39m=\u001b[32m\"lucide lucide-sparkles h-4 w-4\"\u001b[39m\n                \u001b[33mfill\u001b[39m=\u001b[32m\"none\"\u001b[39m\n                \u001b[33mheight\u001b[39m=\u001b[32m\"24\"\u001b[39m\n                \u001b[33mstroke\u001b[39m=\u001b[32m\"currentColor\"\u001b[39m\n                \u001b[33mstroke-linecap\u001b[39m=\u001b[32m\"round\"\u001b[39m\n                \u001b[33mstroke-linejoin\u001b[39m=\u001b[32m\"round\"\u001b[39m\n                \u001b[33mstroke-width\u001b[39m=\u001b[32m\"2\"\u001b[39m\n                \u001b[33mviewBox\u001b[39m=\u001b[32m\"0 0 24 24\"\u001b[39m\n                \u001b[33mwidth\u001b[39m=\u001b[32m\"24\"\u001b[39m\n                \u001b[33mxmlns\u001b[39m=\u001b[32m\"http://www.w3.org/2000/svg\"\u001b[39m\n              \u001b[36m>\u001b[39m\n                \u001b[36m<path\u001b[39m\n                  \u001b[33md\u001b[39m=\u001b[32m\"M11.017 2.814a1 1 0 0 1 1.966 0l1.051 5.558a2 2 0 0 0 1.594 1.594l5.558 1.051a1 1 0 0 1 0 1.966l-5.558 1.051a2 2 0 0 0-1.594 1.594l-1.051 5.558a1 1 0 0 1-1.966 0l-1.051-5.558a2 2 0 0 0-1.594-1.594l-5.558-1.051a1 1 0 0 1 0-1.966l5.558-1.051a2 2 0 0 0 1.594-1.594z\"\u001b[39m\n                \u001b[36m/>\u001b[39m\n                \u001b[36m<path\u001b[39m\n                  \u001b[33md\u001b[39m=\u001b[32m\"M20 2v4\"\u001b[39m\n                \u001b[36m/>\u001b[39m\n                \u001b[36m<path\u001b[39m\n                  \u001b[33md\u001b[39m=\u001b[32m\"M22 4h-4\"\u001b[39m\n                \u001b[36m/>\u001b[39m\n                \u001b[36m<circle\u001b[39m\n                  \u001b[33mcx\u001b[39m=\u001b[32m\"4\"\u001b[39m\n                  \u001b[33mcy\u001b[39m=\u001b[32m\"20\"\u001b[39m\n                  \u001b[33mr\u001b[39m=\u001b[32m\"2\"\u001b[39m\n                \u001b[36m/>\u001b[39m\n              \u001b[36m</svg>\u001b[39m\n              \u001b[0mGenerate Legal Clauses\u001b[0m\n            \u001b[36m</button>\u001b[39m\n            \u001b[36m<button\u001b[39m\n              \u001b[33mclass\u001b[39m=\u001b[32m\"inline-flex items-center justify-center gap-2 whitespace-nowrap font-semibold transition-colors duration-150 focus-visible:outline-2 focus-visible:outline-offset-2 focus-visible:outline-(--border-focus) disabled:pointer-events-none disabled:bg-(--bg-disabled) disabled:text-(--text-secondary) disabled:border-none select-none cursor-pointer bg-(--bg-card) text-(--text-primary) border border-(--border-default) hover:bg-(--bg-card-raised) active:bg-(--bg-page-alt) h-8 px-3 text-xs rounded-sm\"\u001b[39m\n              \u001b[33mtype\u001b[39m=\u001b[32m\"button\"\u001b[39m\n            \u001b[36m>\u001b[39m\n              \u001b[0mcommon.cancel\u001b[0m\n            \u001b[36m</button>\u001b[39m\n            \u001b[36m<button\u001b[39m\n              \u001b[33mclass\u001b[39m=\u001b[32m\"inline-flex items-center justify-center gap-2 whitespace-nowrap font-semibold transition-colors duration-150 focus-visible:outline-2 focus-visible:outline-offset-2 focus-visible:outline-(--border-focus) disabled:pointer-events-none disabled:bg-(--bg-disabled) disabled:text-(--text-secondary) disabled:border-none select-none cursor-pointer bg-(--brand-primary) text-(--text-inverse) hover:bg-(--brand-primary-hover) active:bg-(...\n    at Object.getElementError (F:\\ITI\\graduation project\\Code\\WakeelAI-Frontend\\node_modules\\@testing-library\\dom\\dist\\config.js:37:19)\n    at F:\\ITI\\graduation project\\Code\\WakeelAI-Frontend\\node_modules\\@testing-library\\dom\\dist\\query-helpers.js:76:38\n    at F:\\ITI\\graduation project\\Code\\WakeelAI-Frontend\\node_modules\\@testing-library\\dom\\dist\\query-helpers.js:52:17\n    at getByRole (F:\\ITI\\graduation project\\Code\\WakeelAI-Frontend\\node_modules\\@testing-library\\dom\\dist\\query-helpers.js:95:19)\n    at F:/ITI/graduation project/Code/WakeelAI-Frontend/src/pages/template-editor.test.jsx:120:28\n    at file:///F:/ITI/graduation%20project/Code/WakeelAI-Frontend/node_modules/@vitest/runner/dist/chunk-artifact.js:1903:20"],"meta":{},"tags":[]},{"ancestorTitles":["TemplateEditorPage legal clause generation"],"fullName":"TemplateEditorPage legal clause generation allows editing and rejecting a clause, then inserting it into the content template","status":"failed","title":"allows editing and rejecting a clause, then inserting it into the content template","duration":597.7284,"failureMessages":["TestingLibraryElementError: Unable to find an accessible element with the role \"button\" and name `/^generate$/i`\n\nHere are the accessible roles:\n\n  main:\n\n  Name \"\":\n  \u001b[36m<main\u001b[39m\n    \u001b[33mclass\u001b[39m=\u001b[32m\"flex-1 overflow-y-auto bg-(--bg-page)\"\u001b[39m\n  \u001b[36m/>\u001b[39m\n\n  --------------------------------------------------\n  banner:\n\n  Name \"\":\n  \u001b[36m<header\u001b[39m\n    \u001b[33mclass\u001b[39m=\u001b[32m\"flex flex-col gap-2 text-start\"\u001b[39m\n  \u001b[36m/>\u001b[39m\n\n  --------------------------------------------------\n  heading:\n\n  Name \"templates.editTitle\":\n  \u001b[36m<h2\u001b[39m\n    \u001b[33mclass\u001b[39m=\u001b[32m\"font-display text-3xl font-semibold text-(--text-primary)\"\u001b[39m\n  \u001b[36m/>\u001b[39m\n\n  Name \"Document builder\":\n  \u001b[36m<h3\u001b[39m\n    \u001b[33mclass\u001b[39m=\u001b[32m\"mt-1 text-sm font-semibold text-(--text-primary)\"\u001b[39m\n  \u001b[36m/>\u001b[39m\n\n  Name \"Insert variable\":\n  \u001b[36m<h3\u001b[39m\n    \u001b[33mclass\u001b[39m=\u001b[32m\"mt-1 text-sm font-semibold text-(--text-primary)\"\u001b[39m\n  \u001b[36m/>\u001b[39m\n\n  Name \"Document builder\":\n  \u001b[36m<h3\u001b[39m\n    \u001b[33mclass\u001b[39m=\u001b[32m\"mt-1 text-sm font-semibold text-(--text-primary)\"\u001b[39m\n  \u001b[36m/>\u001b[39m\n\n  Name \"Live preview\":\n  \u001b[36m<h3\u001b[39m\n    \u001b[33mclass\u001b[39m=\u001b[32m\"text-sm font-semibold text-(--text-primary)\"\u001b[39m\n  \u001b[36m/>\u001b[39m\n\n  Name \"AI context\":\n  \u001b[36m<h3\u001b[39m\n    \u001b[33mclass\u001b[39m=\u001b[32m\"text-sm font-semibold text-(--text-primary)\"\u001b[39m\n  \u001b[36m/>\u001b[39m\n\n  --------------------------------------------------\n  paragraph:\n\n  Name \"\":\n  \u001b[36m<p\u001b[39m\n    \u001b[33mclass\u001b[39m=\u001b[32m\"max-w-2xl text-sm leading-relaxed text-(--text-secondary)\"\u001b[39m\n  \u001b[36m/>\u001b[39m\n\n  Name \"\":\n  \u001b[36m<p\u001b[39m\n    \u001b[33mclass\u001b[39m=\u001b[32m\"text-[11px] font-semibold uppercase tracking-[0.12em] text-(--text-secondary)\"\u001b[39m\n  \u001b[36m/>\u001b[39m\n\n  Name \"\":\n  \u001b[36m<p\u001b[39m\n    \u001b[33mclass\u001b[39m=\u001b[32m\"text-[11px] font-semibold uppercase tracking-[0.12em] text-(--text-secondary)\"\u001b[39m\n  \u001b[36m/>\u001b[39m\n\n  Name \"\":\n  \u001b[36m<p\u001b[39m\n    \u001b[33mclass\u001b[39m=\u001b[32m\"text-[11px] font-semibold uppercase tracking-[0.12em] text-(--text-secondary)\"\u001b[39m\n  \u001b[36m/>\u001b[39m\n\n  Name \"\":\n  \u001b[36m<p\u001b[39m\n    \u001b[33mclass\u001b[39m=\u001b[32m\"text-[11px] font-semibold uppercase tracking-[0.12em] text-(--text-secondary)\"\u001b[39m\n  \u001b[36m/>\u001b[39m\n\n  Name \"\":\n  \u001b[36m<p\u001b[39m\n    \u001b[33mclass\u001b[39m=\u001b[32m\"text-[11px] font-semibold uppercase tracking-[0.12em] text-(--text-secondary)\"\u001b[39m\n  \u001b[36m/>\u001b[39m\n\n  Name \"\":\n  \u001b[36m<p\u001b[39m\n    \u001b[33mclass\u001b[39m=\u001b[32m\"mt-2 text-sm text-(--text-secondary)\"\u001b[39m\n  \u001b[36m/>\u001b[39m\n\n  --------------------------------------------------\n  button:\n\n  Name \"templates.backToTemplates\":\n  \u001b[36m<button\u001b[39m\n    \u001b[33mclass\u001b[39m=\u001b[32m\"inline-flex items-center justify-center gap-2 whitespace-nowrap font-semibold transition-colors duration-150 focus-visible:outline-2 focus-visible:outline-offset-2 focus-visible:outline-(--border-focus) disabled:pointer-events-none disabled:bg-(--bg-disabled) disabled:text-(--text-secondary) disabled:border-none select-none cursor-pointer bg-(--bg-card) text-(--text-primary) border border-(--border-default) hover:bg-(--bg-card-raised) active:bg-(--bg-page-alt) h-8 px-3 text-xs rounded-sm\"\u001b[39m\n    \u001b[33mtype\u001b[39m=\u001b[32m\"button\"\u001b[39m\n  \u001b[36m/>\u001b[39m\n\n  Name \"Generate Legal Clauses\":\n  \u001b[36m<button\u001b[39m\n    \u001b[33mclass\u001b[39m=\u001b[32m\"inline-flex items-center justify-center gap-2 whitespace-nowrap font-semibold transition-colors duration-150 focus-visible:outline-2 focus-visible:outline-offset-2 focus-visible:outline-(--border-focus) disabled:pointer-events-none disabled:bg-(--bg-disabled) disabled:text-(--text-secondary) disabled:border-none select-none cursor-pointer bg-(--ai-primary) text-(--text-on-accent) hover:bg-(--accent-primary-hover) active:bg-(--accent-primary-active) shadow-(--shadow-1) h-8 px-3 text-xs rounded-sm\"\u001b[39m\n    \u001b[33mtype\u001b[39m=\u001b[32m\"button\"\u001b[39m\n  \u001b[36m/>\u001b[39m\n\n  Name \"common.cancel\":\n  \u001b[36m<button\u001b[39m\n    \u001b[33mclass\u001b[39m=\u001b[32m\"inline-flex items-center justify-center gap-2 whitespace-nowrap font-semibold transition-colors duration-150 focus-visible:outline-2 focus-visible:outline-offset-2 focus-visible:outline-(--border-focus) disabled:pointer-events-none disabled:bg-(--bg-disabled) disabled:text-(--text-secondary) disabled:border-none select-none cursor-pointer bg-(--bg-card) text-(--text-primary) border border-(--border-default) hover:bg-(--bg-card-raised) active:bg-(--bg-page-alt) h-8 px-3 text-xs rounded-sm\"\u001b[39m\n    \u001b[33mtype\u001b[39m=\u001b[32m\"button\"\u001b[39m\n  \u001b[36m/>\u001b[39m\n\n  Name \"templates.save\":\n  \u001b[36m<button\u001b[39m\n    \u001b[33mclass\u001b[39m=\u001b[32m\"inline-flex items-center justify-center gap-2 whitespace-nowrap font-semibold transition-colors duration-150 focus-visible:outline-2 focus-visible:outline-offset-2 focus-visible:outline-(--border-focus) disabled:pointer-events-none disabled:bg-(--bg-disabled) disabled:text-(--text-secondary) disabled:border-none select-none cursor-pointer bg-(--brand-primary) text-(--text-inverse) hover:bg-(--brand-primary-hover) active:bg-(--brand-primary-active) shadow-(--shadow-1) h-8 px-3 text-xs rounded-sm\"\u001b[39m\n    \u001b[33mform\u001b[39m=\u001b[32m\"template-form\"\u001b[39m\n    \u001b[33mtype\u001b[39m=\u001b[32m\"submit\"\u001b[39m\n  \u001b[36m/>\u001b[39m\n\n  Name \"Heading\":\n  \u001b[36m<button\u001b[39m\n    \u001b[33mclass\u001b[39m=\u001b[32m\"inline-flex items-center gap-2 whitespace-nowrap font-semibold transition-colors duration-150 focus-visible:outline-2 focus-visible:outline-offset-2 focus-visible:outline-(--border-focus) disabled:pointer-events-none disabled:bg-(--bg-disabled) disabled:text-(--text-secondary) disabled:border-none select-none cursor-pointer bg-(--bg-card) text-(--text-primary) border border-(--border-default) hover:bg-(--bg-card-raised) active:bg-(--bg-page-alt) h-8 px-3 text-xs rounded-sm justify-start text-left\"\u001b[39m\n    \u001b[33mtype\u001b[39m=\u001b[32m\"button\"\u001b[39m\n  \u001b[36m/>\u001b[39m\n\n  Name \"Paragraph\":\n  \u001b[36m<button\u001b[39m\n    \u001b[33mclass\u001b[39m=\u001b[32m\"inline-flex items-center gap-2 whitespace-nowrap font-semibold transition-colors duration-150 focus-visible:outline-2 focus-visible:outline-offset-2 focus-visible:outline-(--border-focus) disabled:pointer-events-none disabled:bg-(--bg-disabled) disabled:text-(--text-secondary) disabled:border-none select-none cursor-pointer bg-(--bg-card) text-(--text-primary) border border-(--border-default) hover:bg-(--bg-card-raised) active:bg-(--bg-page-alt) h-8 px-3 text-xs rounded-sm justify-start text-left\"\u001b[39m\n    \u001b[33mtype\u001b[39m=\u001b[32m\"button\"\u001b[39m\n  \u001b[36m/>\u001b[39m\n\n  Name \"Clause\":\n  \u001b[36m<button\u001b[39m\n    \u001b[33mclass\u001b[39m=\u001b[32m\"inline-flex items-center gap-2 whitespace-nowrap font-semibold transition-colors duration-150 focus-visible:outline-2 focus-visible:outline-offset-2 focus-visible:outline-(--border-focus) disabled:pointer-events-none disabled:bg-(--bg-disabled) disabled:text-(--text-secondary) disabled:border-none select-none cursor-pointer bg-(--bg-card) text-(--text-primary) border border-(--border-default) hover:bg-(--bg-card-raised) active:bg-(--bg-page-alt) h-8 px-3 text-xs rounded-sm justify-start text-left\"\u001b[39m\n    \u001b[33mtype\u001b[39m=\u001b[32m\"button\"\u001b[39m\n  \u001b[36m/>\u001b[39m\n\n  Name \"Bullet list\":\n  \u001b[36m<button\u001b[39m\n    \u001b[33mclass\u001b[39m=\u001b[32m\"inline-flex items-center gap-2 whitespace-nowrap font-semibold transition-colors duration-150 focus-visible:outline-2 focus-visible:outline-offset-2 focus-visible:outline-(--border-focus) disabled:pointer-events-none disabled:bg-(--bg-disabled) disabled:text-(--text-secondary) disabled:border-none select-none cursor-pointer bg-(--bg-card) text-(--text-primary) border border-(--border-default) hover:bg-(--bg-card-raised) active:bg-(--bg-page-alt) h-8 px-3 text-xs rounded-sm justify-start text-left\"\u001b[39m\n    \u001b[33mtype\u001b[39m=\u001b[32m\"button\"\u001b[39m\n  \u001b[36m/>\u001b[39m\n\n  Name \"Divider\":\n  \u001b[36m<button\u001b[39m\n    \u001b[33mclass\u001b[39m=\u001b[32m\"inline-flex items-center gap-2 whitespace-nowrap font-semibold transition-colors duration-150 focus-visible:outline-2 focus-visible:outline-offset-2 focus-visible:outline-(--border-focus) disabled:pointer-events-none disabled:bg-(--bg-disabled) disabled:text-(--text-secondary) disabled:border-none select-none cursor-pointer bg-(--bg-card) text-(--text-primary) border border-(--border-default) hover:bg-(--bg-card-raised) active:bg-(--bg-page-alt) h-8 px-3 text-xs rounded-sm justify-start text-left\"\u001b[39m\n    \u001b[33mtype\u001b[39m=\u001b[32m\"button\"\u001b[39m\n  \u001b[36m/>\u001b[39m\n\n  Name \"Signature\":\n  \u001b[36m<button\u001b[39m\n    \u001b[33mclass\u001b[39m=\u001b[32m\"inline-flex items-center gap-2 whitespace-nowrap font-semibold transition-colors duration-150 focus-visible:outline-2 focus-visible:outline-offset-2 focus-visible:outline-(--border-focus) disabled:pointer-events-none disabled:bg-(--bg-disabled) disabled:text-(--text-secondary) disabled:border-none select-none cursor-pointer bg-(--bg-card) text-(--text-primary) border border-(--border-default) hover:bg-(--bg-card-raised) active:bg-(--bg-page-alt) h-8 px-3 text-xs rounded-sm justify-start text-left\"\u001b[39m\n    \u001b[33mtype\u001b[39m=\u001b[32m\"button\"\u001b[39m\n  \u001b[36m/>\u001b[39m\n\n  Name \"templates.placeholders.employeeName\":\n  \u001b[36m<button\u001b[39m\n    \u001b[33mclass\u001b[39m=\u001b[32m\"inline-flex items-center gap-2 whitespace-nowrap font-semibold transition-colors duration-150 focus-visible:outline-2 focus-visible:outline-offset-2 focus-visible:outline-(--border-focus) disabled:pointer-events-none disabled:bg-(--bg-disabled) disabled:text-(--text-secondary) disabled:border-none select-none cursor-pointer text-(--text-primary) border hover:bg-(--bg-card-raised) active:bg-(--bg-page-alt) h-7 text-xs rounded-xs justify-start border-(--border-default) bg-(--bg-card-subtle) px-2.5 text-left\"\u001b[39m\n    \u001b[33mtitle\u001b[39m=\u001b[32m\"templates.placeholders.employeeName — {{employee_name}}\"\u001b[39m\n    \u001b[33mtype\u001b[39m=\u001b[32m\"button\"\u001b[39m\n  \u001b[36m/>\u001b[39m\n\n  Name \"templates.placeholders.jobTitle\":\n  \u001b[36m<button\u001b[39m\n    \u001b[33mclass\u001b[39m=\u001b[32m\"inline-flex items-center gap-2 whitespace-nowrap font-semibold transition-colors duration-150 focus-visible:outline-2 focus-visible:outline-offset-2 focus-visible:outline-(--border-focus) disabled:pointer-events-none disabled:bg-(--bg-disabled) disabled:text-(--text-secondary) disabled:border-none select-none cursor-pointer text-(--text-primary) border hover:bg-(--bg-card-raised) active:bg-(--bg-page-alt) h-7 text-xs rounded-xs justify-start border-(--border-default) bg-(--bg-card-subtle) px-2.5 text-left\"\u001b[39m\n    \u001b[33mtitle\u001b[39m=\u001b[32m\"templates.placeholders.jobTitle — {{job_title}}\"\u001b[39m\n    \u001b[33mtype\u001b[39m=\u001b[32m\"button\"\u001b[39m\n  \u001b[36m/>\u001b[39m\n\n  Name \"templates.placeholders.department\":\n  \u001b[36m<button\u001b[39m\n    \u001b[33mclass\u001b[39m=\u001b[32m\"inline-flex items-center gap-2 whitespace-nowrap font-semibold transition-colors duration-150 focus-visible:outline-2 focus-visible:outline-offset-2 focus-visible:outline-(--border-focus) disabled:pointer-events-none disabled:bg-(--bg-disabled) disabled:text-(--text-secondary) disabled:border-none select-none cursor-pointer text-(--text-primary) border hover:bg-(--bg-card-raised) active:bg-(--bg-page-alt) h-7 text-xs rounded-xs justify-start border-(--border-default) bg-(--bg-card-subtle) px-2.5 text-left\"\u001b[39m\n    \u001b[33mtitle\u001b[39m=\u001b[32m\"templates.placeholders.department — {{department}}\"\u001b[39m\n    \u001b[33mtype\u001b[39m=\u001b[32m\"button\"\u001b[39m\n  \u001b[36m/>\u001b[39m\n\n  Name \"templates.placeholders.salary\":\n  \u001b[36m<button\u001b[39m\n    \u001b[33mclass\u001b[39m=\u001b[32m\"inline-flex items-center gap-2 whitespace-nowrap font-semibold transition-colors duration-150 focus-visible:outline-2 focus-visible:outline-offset-2 focus-visible:outline-(--border-focus) disabled:pointer-events-none disabled:bg-(--bg-disabled) disabled:text-(--text-secondary) disabled:border-none sel
[...]
-nowrap font-semibold transition-colors duration-150 focus-visible:outline-2 focus-visible:outline-offset-2 focus-visible:outline-(--border-focus) disabled:pointer-events-none disabled:bg-(--bg-disabled) disabled:text-(--text-secondary) disabled:border-none select-none cursor-pointer bg-(--brand-primary) text-(--text-inverse) hover:bg-(--brand-primary-hover) active:bg-(--brand-primary-active) shadow-(--shadow-1) h-10 px-4 text-sm rounded-sm\"\u001b[39m\n    \u001b[33mtype\u001b[39m=\u001b[32m\"submit\"\u001b[39m\n  \u001b[36m/>\u001b[39m\n\n  --------------------------------------------------\n  textbox:\n\n  Name \"\":\n  \u001b[36m<input\u001b[39m\n    \u001b[33mclass\u001b[39m=\u001b[32m\"flex h-10 w-full rounded-sm border border-(--border-default) bg-paper px-3 py-2 text-sm text-(--text-primary) placeholder:text-(--text-muted) transition-all file:border-0 file:bg-transparent file:text-sm file:font-medium focus-visible:outline-none focus-visible:border-(--border-focus) focus-visible:ring-1 focus-visible:ring-(--border-focus) disabled:cursor-not-allowed disabled:bg-(--bg-disabled) disabled:text-(--text-secondary) dark:bg-(--bg-card) dark:border-(--border-emphasis) dark:focus-visible:ring-(--border-focus)\"\u001b[39m\n    \u001b[33mmaxlength\u001b[39m=\u001b[32m\"100\"\u001b[39m\n    \u001b[33mname\u001b[39m=\u001b[32m\"name\"\u001b[39m\n    \u001b[33mrequired\u001b[39m=\u001b[32m\"\"\u001b[39m\n    \u001b[33mtype\u001b[39m=\u001b[32m\"text\"\u001b[39m\n  \u001b[36m/>\u001b[39m\n\n  Name \"\":\n  \u001b[36m<textarea\u001b[39m\n    \u001b[33mclass\u001b[39m=\u001b[32m\"flex w-full rounded-sm border border-(--border-default) bg-paper px-3 py-2 text-(--text-primary) placeholder:text-(--text-muted) focus-visible:outline-none focus-visible:border-(--border-focus) focus-visible:ring-1 focus-visible:ring-(--border-focus) disabled:cursor-not-allowed disabled:bg-(--bg-disabled) disabled:text-(--text-secondary) dark:bg-(--bg-card) dark:border-(--border-emphasis) min-h-80 resize-y font-mono text-[13px] leading-relaxed\"\u001b[39m\n    \u001b[33mname\u001b[39m=\u001b[32m\"content_template\"\u001b[39m\n    \u001b[33mrequired\u001b[39m=\u001b[32m\"\"\u001b[39m\n  \u001b[36m/>\u001b[39m\n\n  --------------------------------------------------\n  combobox:\n\n  Name \"templates.fields.documentType\":\n  \u001b[36m<button\u001b[39m\n    \u001b[33maria-autocomplete\u001b[39m=\u001b[32m\"none\"\u001b[39m\n    \u001b[33maria-expanded\u001b[39m=\u001b[32m\"false\"\u001b[39m\n    \u001b[33maria-label\u001b[39m=\u001b[32m\"templates.fields.documentType\"\u001b[39m\n    \u001b[33mclass\u001b[39m=\u001b[32m\"flex h-10 w-full items-center justify-between rounded-sm border border-(--border-default) bg-paper px-3 py-2 text-sm text-(--text-primary) focus:outline-none focus:border-(--border-focus) focus:ring-1 focus:ring-(--border-focus) disabled:cursor-not-allowed disabled:bg-(--bg-disabled) disabled:text-(--text-secondary) dark:bg-(--bg-card) dark:border-(--border-emphasis) cursor-pointer text-start\"\u001b[39m\n    \u001b[33mdata-disabled\u001b[39m=\u001b[32m\"\"\u001b[39m\n    \u001b[33mdata-state\u001b[39m=\u001b[32m\"closed\"\u001b[39m\n    \u001b[33mdir\u001b[39m=\u001b[32m\"ltr\"\u001b[39m\n    \u001b[33mdisabled\u001b[39m=\u001b[32m\"\"\u001b[39m\n    \u001b[33mrole\u001b[39m=\u001b[32m\"combobox\"\u001b[39m\n    \u001b[33mtype\u001b[39m=\u001b[32m\"button\"\u001b[39m\n  \u001b[36m/>\u001b[39m\n\n  --------------------------------------------------\n  switch:\n\n  Name \"\":\n  \u001b[36m<button\u001b[39m\n    \u001b[33maria-checked\u001b[39m=\u001b[32m\"true\"\u001b[39m\n    \u001b[33mclass\u001b[39m=\u001b[32m\"peer inline-flex h-6 w-11 shrink-0 cursor-pointer items-center rounded-full border-2 border-transparent transition-colors focus-visible:outline-none focus-visible:ring-2 focus-visible:ring-(--border-focus) focus-visible:ring-offset-2 disabled:cursor-not-allowed disabled:opacity-50 bg-(--bg-disabled) dark:bg-(--bg-card-raised) data-[state=checked]:bg-(--ai-primary)\"\u001b[39m\n    \u001b[33mdata-state\u001b[39m=\u001b[32m\"checked\"\u001b[39m\n    \u001b[33mrole\u001b[39m=\u001b[32m\"switch\"\u001b[39m\n    \u001b[33mtype\u001b[39m=\u001b[32m\"button\"\u001b[39m\n    \u001b[33mvalue\u001b[39m=\u001b[32m\"on\"\u001b[39m\n  \u001b[36m/>\u001b[39m\n\n  --------------------------------------------------\n  list:\n\n  Name \"\":\n  \u001b[36m<ul\u001b[39m\n    \u001b[33mclass\u001b[39m=\u001b[32m\"mt-2 space-y-2 text-sm text-(--text-secondary)\"\u001b[39m\n  \u001b[36m/>\u001b[39m\n\n  --------------------------------------------------\n  listitem:\n\n  Name \"\":\n  \u001b[36m<li\u001b[39m\n    \u001b[33mclass\u001b[39m=\u001b[32m\"flex items-center gap-2\"\u001b[39m\n  \u001b[36m/>\u001b[39m\n\n  Name \"\":\n  \u001b[36m<li\u001b[39m\n    \u001b[33mclass\u001b[39m=\u001b[32m\"flex items-center gap-2\"\u001b[39m\n  \u001b[36m/>\u001b[39m\n\n  Name \"\":\n  \u001b[36m<li\u001b[39m\n    \u001b[33mclass\u001b[39m=\u001b[32m\"flex items-center gap-2\"\u001b[39m\n  \u001b[36m/>\u001b[39m\n\n  --------------------------------------------------\n\nIgnored nodes: comments, script, style\n\u001b[36m<body>\u001b[39m\n  \u001b[36m<div>\u001b[39m\n    \u001b[36m<main\u001b[39m\n      \u001b[33mclass\u001b[39m=\u001b[32m\"flex-1 overflow-y-auto bg-(--bg-page)\"\u001b[39m\n    \u001b[36m>\u001b[39m\n      \u001b[36m<div\u001b[39m\n        \u001b[33mclass\u001b[39m=\u001b[32m\"mx-auto flex w-full max-w-6xl flex-col gap-6 p-6 pb-16\"\u001b[39m\n      \u001b[36m>\u001b[39m\n        \u001b[36m<header\u001b[39m\n          \u001b[33mclass\u001b[39m=\u001b[32m\"flex flex-col gap-2 text-start\"\u001b[39m\n        \u001b[36m>\u001b[39m\n          \u001b[36m<span\u001b[39m\n            \u001b[33mclass\u001b[39m=\u001b[32m\"text-xs font-semibold uppercase tracking-wider text-(--brand-primary)\"\u001b[39m\n          \u001b[36m>\u001b[39m\n            \u001b[0mtemplates.eyebrow\u001b[0m\n          \u001b[36m</span>\u001b[39m\n          \u001b[36m<h2\u001b[39m\n            \u001b[33mclass\u001b[39m=\u001b[32m\"font-display text-3xl font-semibold text-(--text-primary)\"\u001b[39m\n          \u001b[36m>\u001b[39m\n            \u001b[0mtemplates.editTitle\u001b[0m\n          \u001b[36m</h2>\u001b[39m\n          \u001b[36m<p\u001b[39m\n            \u001b[33mclass\u001b[39m=\u001b[32m\"max-w-2xl text-sm leading-relaxed text-(--text-secondary)\"\u001b[39m\n          \u001b[36m>\u001b[39m\n            \u001b[0mtemplates.editDescription\u001b[0m\n          \u001b[36m</p>\u001b[39m\n        \u001b[36m</header>\u001b[39m\n        \u001b[36m<div\u001b[39m\n          \u001b[33mclass\u001b[39m=\u001b[32m\"flex flex-wrap items-center justify-between gap-3 rounded-md border border-(--border-default) bg-(--bg-card) px-4 py-3 shadow-(--shadow-1)\"\u001b[39m\n        \u001b[36m>\u001b[39m\n          \u001b[36m<div\u001b[39m\n            \u001b[33mclass\u001b[39m=\u001b[32m\"flex items-center gap-3\"\u001b[39m\n          \u001b[36m>\u001b[39m\n            \u001b[36m<button\u001b[39m\n              \u001b[33mclass\u001b[39m=\u001b[32m\"inline-flex items-center justify-center gap-2 whitespace-nowrap font-semibold transition-colors duration-150 focus-visible:outline-2 focus-visible:outline-offset-2 focus-visible:outline-(--border-focus) disabled:pointer-events-none disabled:bg-(--bg-disabled) disabled:text-(--text-secondary) disabled:border-none select-none cursor-pointer bg-(--bg-card) text-(--text-primary) border border-(--border-default) hover:bg-(--bg-card-raised) active:bg-(--bg-page-alt) h-8 px-3 text-xs rounded-sm\"\u001b[39m\n              \u001b[33mtype\u001b[39m=\u001b[32m\"button\"\u001b[39m\n            \u001b[36m>\u001b[39m\n              \u001b[36m<svg\u001b[39m\n                \u001b[33maria-hidden\u001b[39m=\u001b[32m\"true\"\u001b[39m\n                \u001b[33mclass\u001b[39m=\u001b[32m\"lucide lucide-arrow-left h-4 w-4 rtl:rotate-180\"\u001b[39m\n                \u001b[33mfill\u001b[39m=\u001b[32m\"none\"\u001b[39m\n                \u001b[33mheight\u001b[39m=\u001b[32m\"24\"\u001b[39m\n                \u001b[33mstroke\u001b[39m=\u001b[32m\"currentColor\"\u001b[39m\n                \u001b[33mstroke-linecap\u001b[39m=\u001b[32m\"round\"\u001b[39m\n                \u001b[33mstroke-linejoin\u001b[39m=\u001b[32m\"round\"\u001b[39m\n                \u001b[33mstroke-width\u001b[39m=\u001b[32m\"2\"\u001b[39m\n                \u001b[33mviewBox\u001b[39m=\u001b[32m\"0 0 24 24\"\u001b[39m\n                \u001b[33mwidth\u001b[39m=\u001b[32m\"24\"\u001b[39m\n                \u001b[33mxmlns\u001b[39m=\u001b[32m\"http://www.w3.org/2000/svg\"\u001b[39m\n              \u001b[36m>\u001b[39m\n                \u001b[36m<path\u001b[39m\n                  \u001b[33md\u001b[39m=\u001b[32m\"m12 19-7-7 7-7\"\u001b[39m\n                \u001b[36m/>\u001b[39m\n                \u001b[36m<path\u001b[39m\n                  \u001b[33md\u001b[39m=\u001b[32m\"M19 12H5\"\u001b[39m\n                \u001b[36m/>\u001b[39m\n              \u001b[36m</svg>\u001b[39m\n              \u001b[0mtemplates.backToTemplates\u001b[0m\n            \u001b[36m</button>\u001b[39m\n            \u001b[36m<div\u001b[39m\n              \u001b[33mclass\u001b[39m=\u001b[32m\"inline-flex items-center gap-1.5 px-2 py-0.5 text-xs font-semibold select-none border transition-colors bg-(--legal-surface) text-(--legal-primary) border-(--border-default) rounded-full\"\u001b[39m\n            \u001b[36m>\u001b[39m\n              \u001b[0mtemplates.documentTypeImmutable\u001b[0m\n            \u001b[36m</div>\u001b[39m\n          \u001b[36m</div>\u001b[39m\n          \u001b[36m<div\u001b[39m\n            \u001b[33mclass\u001b[39m=\u001b[32m\"flex items-center gap-2\"\u001b[39m\n          \u001b[36m>\u001b[39m\n            \u001b[36m<button\u001b[39m\n              \u001b[33mclass\u001b[39m=\u001b[32m\"inline-flex items-center justify-center gap-2 whitespace-nowrap font-semibold transition-colors duration-150 focus-visible:outline-2 focus-visible:outline-offset-2 focus-visible:outline-(--border-focus) disabled:pointer-events-none disabled:bg-(--bg-disabled) disabled:text-(--text-secondary) disabled:border-none select-none cursor-pointer bg-(--ai-primary) text-(--text-on-accent) hover:bg-(--accent-primary-hover) active:bg-(--accent-primary-active) shadow-(--shadow-1) h-8 px-3 text-xs rounded-sm\"\u001b[39m\n              \u001b[33mtype\u001b[39m=\u001b[32m\"button\"\u001b[39m\n            \u001b[36m>\u001b[39m\n              \u001b[36m<svg\u001b[39m\n                \u001b[33maria-hidden\u001b[39m=\u001b[32m\"true\"\u001b[39m\n                \u001b[33mclass\u001b[39m=\u001b[32m\"lucide lucide-sparkles h-4 w-4\"\u001b[39m\n                \u001b[33mfill\u001b[39m=\u001b[32m\"none\"\u001b[39m\n                \u001b[33mheight\u001b[39m=\u001b[32m\"24\"\u001b[39m\n                \u001b[33mstroke\u001b[39m=\u001b[32m\"currentColor\"\u001b[39m\n                \u001b[33mstroke-linecap\u001b[39m=\u001b[32m\"round\"\u001b[39m\n                \u001b[33mstroke-linejoin\u001b[39m=\u001b[32m\"round\"\u001b[39m\n                \u001b[33mstroke-width\u001b[39m=\u001b[32m\"2\"\u001b[39m\n                \u001b[33mviewBox\u001b[39m=\u001b[32m\"0 0 24 24\"\u001b[39m\n                \u001b[33mwidth\u001b[39m=\u001b[32m\"24\"\u001b[39m\n                \u001b[33mxmlns\u001b[39m=\u001b[32m\"http://www.w3.org/2000/svg\"\u001b[39m\n              \u001b[36m>\u001b[39m\n                \u001b[36m<path\u001b[39m\n                  \u001b[33md\u001b[39m=\u001b[32m\"M11.017 2.814a1 1 0 0 1 1.966 0l1.051 5.558a2 2 0 0 0 1.594 1.594l5.558 1.051a1 1 0 0 1 0 1.966l-5.558 1.051a2 2 0 0 0-1.594 1.594l-1.051 5.558a1 1 0 0 1-1.966 0l-1.051-5.558a2 2 0 0 0-1.594-1.594l-5.558-1.051a1 1 0 0 1 0-1.966l5.558-1.051a2 2 0 0 0 1.594-1.594z\"\u001b[39m\n                \u001b[36m/>\u001b[39m\n                \u001b[36m<path\u001b[39m\n                  \u001b[33md\u001b[39m=\u001b[32m\"M20 2v4\"\u001b[39m\n                \u001b[36m/>\u001b[39m\n                \u001b[36m<path\u001b[39m\n                  \u001b[33md\u001b[39m=\u001b[32m\"M22 4h-4\"\u001b[39m\n                \u001b[36m/>\u001b[39m\n                \u001b[36m<circle\u001b[39m\n                  \u001b[33mcx\u001b[39m=\u001b[32m\"4\"\u001b[39m\n                  \u001b[33mcy\u001b[39m=\u001b[32m\"20\"\u001b[39m\n                  \u001b[33mr\u001b[39m=\u001b[32m\"2\"\u001b[39m\n                \u001b[36m/>\u001b[39m\n              \u001b[36m</svg>\u001b[39m\n              \u001b[0mGenerate Legal Clauses\u001b[0m\n            \u001b[36m</button>\u001b[39m\n            \u001b[36m<button\u001b[39m\n              \u001b[33mclass\u001b[39m=\u001b[32m\"inline-flex items-center justify-center gap-2 whitespace-nowrap font-semibold transition-colors duration-150 focus-visible:outline-2 focus-visible:outline-offset-2 focus-visible:outline-(--border-focus) disabled:pointer-events-none disabled:bg-(--bg-disabled) disabled:text-(--text-secondary) disabled:border-none select-none cursor-pointer bg-(--bg-card) text-(--text-primary) border border-(--border-default) hover:bg-(--bg-card-raised) active:bg-(--bg-page-alt) h-8 px-3 text-xs rounded-sm\"\u001b[39m\n              \u001b[33mtype\u001b[39m=\u001b[32m\"button\"\u001b[39m\n            \u001b[36m>\u001b[39m\n              \u001b[0mcommon.cancel\u001b[0m\n            \u001b[36m</button>\u001b[39m\n            \u001b[36m<button\u001b[39m\n              \u001b[33mclass\u001b[39m=\u001b[32m\"inline-flex items-center justify-center gap-2 whitespace-nowrap font-semibold transition-colors duration-150 focus-visible:outline-2 focus-visible:outline-offset-2 focus-visible:outline-(--border-focus) disabled:pointer-events-none disabled:bg-(--bg-disabled) disabled:text-(--text-secondary) disabled:border-none select-none cursor-pointer bg-(--brand-primary) text-(--text-inverse) hover:bg-(--brand-primary-hover) active:bg-(...\n    at Object.getElementError (F:\\ITI\\graduation project\\Code\\WakeelAI-Frontend\\node_modules\\@testing-library\\dom\\dist\\config.js:37:19)\n    at F:\\ITI\\graduation project\\Code\\WakeelAI-Frontend\\node_modules\\@testing-library\\dom\\dist\\query-helpers.js:76:38\n    at F:\\ITI\\graduation project\\Code\\WakeelAI-Frontend\\node_modules\\@testing-library\\dom\\dist\\query-helpers.js:52:17\n    at getByRole (F:\\ITI\\graduation project\\Code\\WakeelAI-Frontend\\node_modules\\@testing-library\\dom\\dist\\query-helpers.js:95:19)\n    at F:/ITI/graduation project/Code/WakeelAI-Frontend/src/pages/template-editor.test.jsx:144:28\n    at file:///F:/ITI/graduation%20project/Code/WakeelAI-Frontend/node_modules/@vitest/runner/dist/chunk-artifact.js:1903:20"],"meta":{},"tags":[]}],"startTime":1786911593284,"endTime":1786911594912.7285,"status":"failed","message":"","name":"F:/ITI/graduation project/Code/WakeelAI-Frontend/src/pages/template-editor.test.jsx"},{"assertionResults":[{"ancestorTitles":["assistant-store"],"fullName":"assistant-store stores the first returned conversation id and reuses it on the second message","status":"passed","title":"stores the first returned conversation id and reuses it on the second message","duration":10.55880000000002,"failureMessages":[],"meta":{},"tags":[]},{"ancestorTitles":["assistant-store"],"fullName":"assistant-store clears the active conversation when starting a new conversation","status":"passed","title":"clears the active conversation when starting a new conversation","duration":1.5052999999999201,"failureMessages":[],"meta":{},"tags":[]},{"ancestorTitles":["assistant-store"],"fullName":"assistant-store restores the selected conversation id and messages from history","status":"passed","title":"restores the selected conversation id and messages from history","duration":4.4980999999999085,"failureMessages":[],"meta":{},"tags":[]},{"ancestorTitles":["assistant-store"],"fullName":"assistant-store loads conversations from backend successfully","status":"passed","title":"loads conversations from backend successfully","duration":1.7768000000000939,"failureMessages":[],"meta":{},"tags":[]},{"ancestorTitles":["assistant-store"],"fullName":"assistant-store handles getConversations failure gracefully","status":"passed","title":"handles getConversations failure gracefully","duration":1.9886999999999944,"failureMessages":[],"meta":{},"tags":[]},{"ancestorTitles":["assistant-store"],"fullName":"assistant-store submits a readable summary of missing fields instead of a generic continue message","status":"passed","title":"submits a readable summary of missing fields instead of a generic continue message","duration":2.403099999999995,"failureMessages":[],"meta":{},"tags":[]}],"startTime":1786911588355,"endTime":1786911588378.403,"status":"passed","message":"","name":"F:/ITI/graduation project/Code/WakeelAI-Frontend/src/features/company/store/assistant-store.test.js"},{"assertionResults":[{"ancestorTitles":["assistant-service"],"fullName":"assistant-service omits conversation_id on the first message and normalizes the returned id","status":"passed","title":"omits conversation_id on the first message and normalizes the returned id","duration":12.748199999999997,"failureMessages":[],"meta":{},"tags":[]},{"ancestorTitles":["assistant-service"],"fullName":"assistant-service sends the same conversation_id on subsequent messages","status":"passed","title":"sends the same conversation_id on subsequent messages","duration":1.363399999999956,"failureMessages":[],"meta":{},"tags":[]},{"ancestorTitles":["assistant-service"],"fullName":"assistant-service loads existing conversation history by conversation_id","status":"passed","title":"loads existing conversation history by conversation_id","duration":3.856400000000008,"failureMessages":[],"meta":{},"tags":[]}],"startTime":1786911588317,"endTime":1786911588335.8564,"status":"passed","message":"","name":"F:/ITI/graduation project/Code/WakeelAI-Frontend/src/features/company/services/assistant-service.test.js"},{"assertionResults":[{"ancestorTitles":["audit-service"],"fullName":"audit-service calls the real AuditLogs endpoint and normalizes backend fields","status":"passed","title":"calls the real AuditLogs endpoint and normalizes backend fields","duration":11.234000000000037,"failureMessages":[],"meta":{},"tags":[]}],"startTime":1786911588298,"endTime":1786911588309.234,"status":"passed","message":"","name":"F:/ITI/graduation project/Code/WakeelAI-Frontend/src/features/company/services/audit-service.test.js"},{"assertionResults":[{"ancestorTitles":["ChatMessage"],"fullName":"ChatMessage uses RTL direction for Arabic assistant Markdown","status":"passed","title":"uses RTL direction for Arabic assistant Markdown","duration":241.04709999999977,"failureMessages":[],"meta":{},"tags":[]}],"startTime":1786911593422,"endTime":1786911593663.047,"status":"passed","message":"","name":"F:/ITI/graduation project/Code/WakeelAI-Frontend/src/features/company/components/assistant/chat-message.test.jsx"},{"assertionResults":[{"ancestorTitles":["MarkdownRenderer"],"fullName":"MarkdownRenderer renders common Markdown and GFM tables inside chat-safe markup","status":"passed","title":"renders common Markdown and GFM tables inside chat-safe markup","duration":381.95730000000003,"failureMessages":[],"meta":{},"tags":[]},{"ancestorTitles":["MarkdownRenderer"],"fullName":"MarkdownRenderer renders Arabic Markdown content","status":"passed","title":"renders Arabic Markdown content","duration":28.97189999999955,"failureMessages":[],"meta":{},"tags":[]},{"ancestorTitles":["MarkdownRenderer"],"fullName":"MarkdownRenderer drops raw HTML and unsafe links from AI output","status":"passed","title":"drops raw HTML and unsafe links from AI output","duration":13.13090000000011,"failureMessages":[],"meta":{},"tags":[]}],"startTime":1786911591886,"endTime":1786911592311.1309,"status":"passed","message":"","name":"F:/ITI/graduation project/Code/WakeelAI-Frontend/src/features/company/components/assistant/markdown-renderer.test.jsx"}]}